2024-03-28 08:38:33.780 - DBeaver 23.3.5.202402181738 is starting
2024-03-28 08:38:33.781 - OS: Windows 10 10.0 (amd64)
2024-03-28 08:38:33.781 - Java version: 17.0.6 by Eclipse Adoptium (64bit)
2024-03-28 08:38:33.782 - Install path: 'C:\Program Files\DBeaver'
2024-03-28 08:38:33.782 - Instance path: 'file:/C:/Users/emanuel.souza2/Documents/Vilmar/Vacina/'
2024-03-28 08:38:33.783 - Memory available 64Mb/1024Mb
2024-03-28 08:38:33.791 - Create display
2024-03-28 08:38:33.977 - Initialize desktop platform...
2024-03-28 08:38:34.116 - BounceCastle bundle found. Use JCE provider BC
> Start Core File Systems [org.eclipse.core.filesystem 1.10.200.v20231102-0934]
> Start Core Resource Management [org.eclipse.core.resources 3.20.0.v20231102-0934]
> Start Core de Suporte para Equipe [org.eclipse.team.core 3.10.200.v20231106-1240]
> Start DBeaver UI Navigator [org.jkiss.dbeaver.ui.navigator 1.0.125.202402181738]
2024-03-28 08:38:34.359 - Recovering project 'Teste' metadata C:\Users\emanuel.souza2\Documents\Vilmar\Vacina\Teste\.project
2024-03-28 08:38:34.360 - Error opening project
java.io.FileNotFoundException: C:\Users\emanuel.souza2\Documents\Vilmar\Vacina\Teste\.project (O sistema não pode encontrar o caminho especificado)
	at java.base/java.io.FileOutputStream.open0(Native Method)
	at java.base/java.io.FileOutputStream.open(Unknown Source)
	at java.base/java.io.FileOutputStream.<init>(Unknown Source)
	at java.base/java.io.FileOutputStream.<init>(Unknown Source)
	at java.base/java.io.FileWriter.<init>(Unknown Source)
	at org.jkiss.utils.IOUtils.writeFileFromString(IOUtils.java:204)
	at org.jkiss.dbeaver.registry.LocalProjectImpl.recoverProjectDescription(LocalProjectImpl.java:262)
	at org.jkiss.dbeaver.registry.LocalProjectImpl.ensureOpen(LocalProjectImpl.java:115)
	at org.jkiss.dbeaver.registry.EclipseWorkspaceImpl.initializeProjects(EclipseWorkspaceImpl.java:89)
	at org.jkiss.dbeaver.core.DesktopPlatform.initialize(DesktopPlatform.java:135)
	at java.base/jdk.internal.reflect.NativeMethodAccessorImpl.invoke0(Native Method)
	at java.base/jdk.internal.reflect.NativeMethodAccessorImpl.invoke(Unknown Source)
	at java.base/jdk.internal.reflect.DelegatingMethodAccessorImpl.invoke(Unknown Source)
	at java.base/java.lang.reflect.Method.invoke(Unknown Source)
	at org.jkiss.dbeaver.utils.RuntimeUtils.injectComponentReferences(RuntimeUtils.java:690)
	at org.jkiss.dbeaver.utils.RuntimeUtils.getBundleService(RuntimeUtils.java:662)
	at org.jkiss.dbeaver.runtime.DBWorkbench.getApplicationWorkbench(DBWorkbench.java:45)
	at org.jkiss.dbeaver.runtime.DBWorkbench.getPlatform(DBWorkbench.java:51)
	at org.jkiss.dbeaver.ui.app.standalone.DBeaverApplication.start(DBeaverApplication.java:262)
	at org.eclipse.equinox.internal.app.EclipseAppHandle.run(EclipseAppHandle.java:208)
	at org.eclipse.core.runtime.internal.adaptor.EclipseAppLauncher.runApplication(EclipseAppLauncher.java:136)
	at org.eclipse.core.runtime.internal.adaptor.EclipseAppLauncher.start(EclipseAppLauncher.java:104)
	at org.eclipse.core.runtime.adaptor.EclipseStarter.run(EclipseStarter.java:402)
	at org.eclipse.core.runtime.adaptor.EclipseStarter.run(EclipseStarter.java:255)
	at java.base/jdk.internal.reflect.NativeMethodAccessorImpl.invoke0(Native Method)
	at java.base/jdk.internal.reflect.NativeMethodAccessorImpl.invoke(Unknown Source)
	at java.base/jdk.internal.reflect.DelegatingMethodAccessorImpl.invoke(Unknown Source)
	at java.base/java.lang.reflect.Method.invoke(Unknown Source)
	at org.eclipse.equinox.launcher.Main.invokeFramework(Main.java:665)
	at org.eclipse.equinox.launcher.Main.basicRun(Main.java:602)
	at org.eclipse.equinox.launcher.Main.run(Main.java:1486)
2024-03-28 08:38:34.377 - Initialize base platform...
2024-03-28 08:38:34.405 - Platform initialized (428ms)
> Start DBeaver UI Editors - Base [org.jkiss.dbeaver.ui.editors.base 1.0.125.202402181738]
2024-03-28 08:38:34.459 - Starting instance server at http://localhost:55197
2024-03-28 08:38:34.474 - Run workbench
> Start Eclipse e4 Workbench SWT [org.eclipse.e4.ui.workbench.swt 0.17.200.v20231030-2045]
> Start Eclipse Application Services [org.eclipse.e4.core.services 2.4.200.v20231103-2012]
> Start Eclipse UI Application Services [org.eclipse.e4.ui.services 1.6.200.v20231030-2045]
> Start Eclipse e4 Progress View [org.eclipse.e4.ui.progress 0.4.200.v20231030-2045]
> Start Eclipse Bindings Support [org.eclipse.e4.ui.bindings 0.14.200.v20231030-2045]
> Start Eclipse e4 core commands [org.eclipse.e4.core.commands 1.1.200.v20231108-1058]
> Start EMF XML/XMI Persistence [org.eclipse.emf.ecore.xmi 2.36.0.v20231002-1156]
> Start Eclipse CSS SWT Theme Support [org.eclipse.e4.ui.css.swt.theme 0.14.200.v20230913-1724]
> Start Eclipse e4 Workbench Add-ons [org.eclipse.e4.ui.workbench.addons.swt 1.5.200.v20231106-1600]
Warning: NLS unused message: WorkbenchPreference_showMultipleEditorTabsButton in: org.eclipse.ui.internal.messages
Warning: NLS unused message: Workbench_zoomChangedRestart in: org.eclipse.ui.internal.messages
> Start Eclipse e4 Workbench SWT Renderer [org.eclipse.e4.ui.workbench.renderers.swt 0.16.200.v20231030-2045]
> Start Eclipse Dependency Injection Extensions [org.eclipse.e4.core.di.extensions 0.18.100.v20231103-2012]
> Start Eclipse CSS SWT Support [org.eclipse.e4.ui.css.swt 0.15.200.v20231025-0632]
> Start jna [com.sun.jna 5.13.0.v20230812-1000]
Warning: NLS unused message: BlockedJobsDialog_UserInterfaceTreeElement in: org.eclipse.ui.internal.progress.messages
2024-03-28 08:38:41.286 - Configure workbench window
> Start DBeaver SQL Model [org.jkiss.dbeaver.model.sql 1.0.115.202402181738]
2024-03-28 08:38:41.468 - Total database drivers: 112 (112)
> Start Core do Sistema de Ajuda [org.eclipse.help 3.10.200.v20231106-1240]
2024-03-28 08:38:41.602 - Create actions
2024-03-28 08:38:41.609 - Disable Eclipse action set 'org.eclipse.ui.edit.text.actionSet.annotationNavigation'
2024-03-28 08:38:41.610 - Disable Eclipse action set 'org.eclipse.ui.WorkingSetActionSet'
2024-03-28 08:38:41.610 - Disable Eclipse action set 'org.eclipse.ui.actionSet.openFiles'
2024-03-28 08:38:42.003 - Initialize workbench window
2024-03-28 08:38:42.008 - Finish initialization
> Start Editor de Texto Padrão [org.eclipse.ui.editors 3.17.100.v20231106-1600]
> Start Workbench [org.eclipse.ui.workbench.texteditor 3.17.200.v20231106-1600]
> Start DBeaver UI Editors - Data [org.jkiss.dbeaver.ui.editors.data 1.0.125.202402181738]
> Start Internet Connection Management UI [org.eclipse.ui.net 1.5.200.v20231106-1240]
> Start Internet Connection Management [org.eclipse.core.net 1.5.200.v20231106-1240]
> Start DBeaver UI Editors - SQL [org.jkiss.dbeaver.ui.editors.sql 1.0.125.202402181738]
> Start DBeaver Sample Database [org.jkiss.dbeaver.ext.sample.database 1.0.162.202402181738]
> Start DBeaver Tip of the day [org.jkiss.dbeaver.ext.ui.tipoftheday 1.0.131.202402181738]
2024-03-28 08:38:43.254 - Recovering project 'Teste' metadata C:\Users\emanuel.souza2\Documents\Vilmar\Vacina\Teste\.project
2024-03-28 08:38:43.254 - Error opening project
java.io.FileNotFoundException: C:\Users\emanuel.souza2\Documents\Vilmar\Vacina\Teste\.project (O sistema não pode encontrar o caminho especificado)
	at java.base/java.io.FileOutputStream.open0(Native Method)
	at java.base/java.io.FileOutputStream.open(Unknown Source)
	at java.base/java.io.FileOutputStream.<init>(Unknown Source)
	at java.base/java.io.FileOutputStream.<init>(Unknown Source)
	at java.base/java.io.FileWriter.<init>(Unknown Source)
	at org.jkiss.utils.IOUtils.writeFileFromString(IOUtils.java:204)
	at org.jkiss.dbeaver.registry.LocalProjectImpl.recoverProjectDescription(LocalProjectImpl.java:262)
	at org.jkiss.dbeaver.registry.LocalProjectImpl.ensureOpen(LocalProjectImpl.java:115)
	at org.jkiss.dbeaver.model.navigator.DBNProject.readChildNodes(DBNProject.java:172)
	at org.jkiss.dbeaver.model.navigator.DBNResource.getChildren(DBNResource.java:219)
	at org.jkiss.dbeaver.model.navigator.DBNUtils.getNodeChildrenFiltered(DBNUtils.java:91)
	at org.jkiss.dbeaver.ui.navigator.database.load.TreeLoadService.evaluate(TreeLoadService.java:49)
	at org.jkiss.dbeaver.ui.navigator.database.load.TreeLoadService.evaluate(TreeLoadService.java:1)
	at org.jkiss.dbeaver.ui.LoadingJob.run(LoadingJob.java:89)
	at org.jkiss.dbeaver.ui.LoadingJob.run(LoadingJob.java:73)
	at org.jkiss.dbeaver.model.runtime.AbstractJob.run(AbstractJob.java:114)
	at org.eclipse.core.internal.jobs.Worker.run(Worker.java:63)
2024-03-28 08:38:43.261 - Recovering project 'Teste' metadata C:\Users\emanuel.souza2\Documents\Vilmar\Vacina\Teste\.project
2024-03-28 08:38:43.262 - Error opening project
java.io.FileNotFoundException: C:\Users\emanuel.souza2\Documents\Vilmar\Vacina\Teste\.project (O sistema não pode encontrar o caminho especificado)
	at java.base/java.io.FileOutputStream.open0(Native Method)
	at java.base/java.io.FileOutputStream.open(Unknown Source)
	at java.base/java.io.FileOutputStream.<init>(Unknown Source)
	at java.base/java.io.FileOutputStream.<init>(Unknown Source)
	at java.base/java.io.FileWriter.<init>(Unknown Source)
	at org.jkiss.utils.IOUtils.writeFileFromString(IOUtils.java:204)
	at org.jkiss.dbeaver.registry.LocalProjectImpl.recoverProjectDescription(LocalProjectImpl.java:262)
	at org.jkiss.dbeaver.registry.LocalProjectImpl.ensureOpen(LocalProjectImpl.java:115)
	at org.jkiss.dbeaver.registry.BaseProjectImpl.getDataSourceRegistry(BaseProjectImpl.java:189)
	at org.jkiss.dbeaver.model.navigator.DBNProject.readChildNodes(DBNProject.java:175)
	at org.jkiss.dbeaver.model.navigator.DBNResource.getChildren(DBNResource.java:219)
	at org.jkiss.dbeaver.model.navigator.DBNUtils.getNodeChildrenFiltered(DBNUtils.java:91)
	at org.jkiss.dbeaver.ui.navigator.database.load.TreeLoadService.evaluate(TreeLoadService.java:49)
	at org.jkiss.dbeaver.ui.navigator.database.load.TreeLoadService.evaluate(TreeLoadService.java:1)
	at org.jkiss.dbeaver.ui.LoadingJob.run(LoadingJob.java:89)
	at org.jkiss.dbeaver.ui.LoadingJob.run(LoadingJob.java:73)
	at org.jkiss.dbeaver.model.runtime.AbstractJob.run(AbstractJob.java:114)
	at org.eclipse.core.internal.jobs.Worker.run(Worker.java:63)
2024-03-28 08:38:43.314 - Recovering project 'Teste' metadata C:\Users\emanuel.souza2\Documents\Vilmar\Vacina\Teste\.project
2024-03-28 08:38:43.315 - Error opening project
java.io.FileNotFoundException: C:\Users\emanuel.souza2\Documents\Vilmar\Vacina\Teste\.project (O sistema não pode encontrar o caminho especificado)
	at java.base/java.io.FileOutputStream.open0(Native Method)
	at java.base/java.io.FileOutputStream.open(Unknown Source)
	at java.base/java.io.FileOutputStream.<init>(Unknown Source)
	at java.base/java.io.FileOutputStream.<init>(Unknown Source)
	at java.base/java.io.FileWriter.<init>(Unknown Source)
	at org.jkiss.utils.IOUtils.writeFileFromString(IOUtils.java:204)
	at org.jkiss.dbeaver.registry.LocalProjectImpl.recoverProjectDescription(LocalProjectImpl.java:262)
	at org.jkiss.dbeaver.registry.LocalProjectImpl.ensureOpen(LocalProjectImpl.java:115)
	at org.jkiss.dbeaver.registry.BaseProjectImpl.getDataSourceRegistry(BaseProjectImpl.java:189)
	at org.jkiss.dbeaver.ui.editors.DatabaseLazyEditorInput.initializeRealInput(DatabaseLazyEditorInput.java:245)
	at org.jkiss.dbeaver.ui.editors.ProgressEditorPart$InitNodeService.evaluate(ProgressEditorPart.java:171)
	at org.jkiss.dbeaver.ui.editors.ProgressEditorPart$InitNodeService.evaluate(ProgressEditorPart.java:1)
	at org.jkiss.dbeaver.ui.LoadingJob.run(LoadingJob.java:89)
	at org.jkiss.dbeaver.ui.LoadingJob.run(LoadingJob.java:73)
	at org.jkiss.dbeaver.model.runtime.AbstractJob.run(AbstractJob.java:114)
	at org.eclipse.core.internal.jobs.Worker.run(Worker.java:63)
2024-03-28 08:38:43.317 - Can't find data source 'mysql8-18e84a5570e-34c9d36c318beea0'
2024-03-28 08:38:43.340 - Recovering project 'General' metadata C:\Users\emanuel.souza2\Documents\Vilmar\Vacina\General\.project
2024-03-28 08:38:43.341 - Error opening project
java.io.FileNotFoundException: C:\Users\emanuel.souza2\Documents\Vilmar\Vacina\General\.project (O sistema não pode encontrar o caminho especificado)
	at java.base/java.io.FileOutputStream.open0(Native Method)
	at java.base/java.io.FileOutputStream.open(Unknown Source)
	at java.base/java.io.FileOutputStream.<init>(Unknown Source)
	at java.base/java.io.FileOutputStream.<init>(Unknown Source)
	at java.base/java.io.FileWriter.<init>(Unknown Source)
	at org.jkiss.utils.IOUtils.writeFileFromString(IOUtils.java:204)
	at org.jkiss.dbeaver.registry.LocalProjectImpl.recoverProjectDescription(LocalProjectImpl.java:262)
	at org.jkiss.dbeaver.registry.LocalProjectImpl.ensureOpen(LocalProjectImpl.java:115)
	at org.jkiss.dbeaver.model.navigator.DBNProject.readChildNodes(DBNProject.java:172)
	at org.jkiss.dbeaver.model.navigator.DBNResource.getChildren(DBNResource.java:219)
	at org.jkiss.dbeaver.model.navigator.DBNProject.getDatabases(DBNProject.java:66)
	at org.jkiss.dbeaver.model.navigator.DBNModel.ensureProjectLoaded(DBNModel.java:669)
	at org.jkiss.dbeaver.ui.navigator.database.DatabaseBrowserView.getNodeFromSecondaryId(DatabaseBrowserView.java:113)
	at org.jkiss.dbeaver.ui.navigator.database.DatabaseBrowserView.getRootNode(DatabaseBrowserView.java:55)
	at org.jkiss.dbeaver.ui.navigator.database.NavigatorViewBase.lambda$0(NavigatorViewBase.java:109)
	at org.jkiss.dbeaver.ui.UIExecutionQueue.executeInUI(UIExecutionQueue.java:68)
	at org.eclipse.swt.widgets.RunnableLock.run(RunnableLock.java:40)
	at org.eclipse.swt.widgets.Synchronizer.runAsyncMessages(Synchronizer.java:132)
	at org.eclipse.swt.widgets.Display.runAsyncMessages(Display.java:4046)
	at org.eclipse.swt.widgets.Display.readAndDispatch(Display.java:3662)
	at org.eclipse.e4.ui.internal.workbench.swt.PartRenderingEngine$5.run(PartRenderingEngine.java:1155)
	at org.eclipse.core.databinding.observable.Realm.runWithDefault(Realm.java:342)
	at org.eclipse.e4.ui.internal.workbench.swt.PartRenderingEngine.run(PartRenderingEngine.java:1046)
	at org.eclipse.e4.ui.internal.workbench.E4Workbench.createAndRunUI(E4Workbench.java:155)
	at org.eclipse.ui.internal.Workbench.lambda$3(Workbench.java:648)
	at org.eclipse.core.databinding.observable.Realm.runWithDefault(Realm.java:342)
	at org.eclipse.ui.internal.Workbench.createAndRunWorkbench(Workbench.java:555)
	at org.eclipse.ui.PlatformUI.createAndRunWorkbench(PlatformUI.java:173)
	at org.jkiss.dbeaver.ui.app.standalone.DBeaverApplication.start(DBeaverApplication.java:290)
	at org.eclipse.equinox.internal.app.EclipseAppHandle.run(EclipseAppHandle.java:208)
	at org.eclipse.core.runtime.internal.adaptor.EclipseAppLauncher.runApplication(EclipseAppLauncher.java:136)
	at org.eclipse.core.runtime.internal.adaptor.EclipseAppLauncher.start(EclipseAppLauncher.java:104)
	at org.eclipse.core.runtime.adaptor.EclipseStarter.run(EclipseStarter.java:402)
	at org.eclipse.core.runtime.adaptor.EclipseStarter.run(EclipseStarter.java:255)
	at java.base/jdk.internal.reflect.NativeMethodAccessorImpl.invoke0(Native Method)
	at java.base/jdk.internal.reflect.NativeMethodAccessorImpl.invoke(Unknown Source)
	at java.base/jdk.internal.reflect.DelegatingMethodAccessorImpl.invoke(Unknown Source)
	at java.base/java.lang.reflect.Method.invoke(Unknown Source)
	at org.eclipse.equinox.launcher.Main.invokeFramework(Main.java:665)
	at org.eclipse.equinox.launcher.Main.basicRun(Main.java:602)
	at org.eclipse.equinox.launcher.Main.run(Main.java:1486)
2024-03-28 08:38:43.352 - Recovering project 'General' metadata C:\Users\emanuel.souza2\Documents\Vilmar\Vacina\General\.project
2024-03-28 08:38:43.353 - Error opening project
java.io.FileNotFoundException: C:\Users\emanuel.souza2\Documents\Vilmar\Vacina\General\.project (O sistema não pode encontrar o caminho especificado)
	at java.base/java.io.FileOutputStream.open0(Native Method)
	at java.base/java.io.FileOutputStream.open(Unknown Source)
	at java.base/java.io.FileOutputStream.<init>(Unknown Source)
	at java.base/java.io.FileOutputStream.<init>(Unknown Source)
	at java.base/java.io.FileWriter.<init>(Unknown Source)
	at org.jkiss.utils.IOUtils.writeFileFromString(IOUtils.java:204)
	at org.jkiss.dbeaver.registry.LocalProjectImpl.recoverProjectDescription(LocalProjectImpl.java:262)
	at org.jkiss.dbeaver.registry.LocalProjectImpl.ensureOpen(LocalProjectImpl.java:115)
	at org.jkiss.dbeaver.registry.BaseProjectImpl.getDataSourceRegistry(BaseProjectImpl.java:189)
	at org.jkiss.dbeaver.model.navigator.DBNProject.readChildNodes(DBNProject.java:175)
	at org.jkiss.dbeaver.model.navigator.DBNResource.getChildren(DBNResource.java:219)
	at org.jkiss.dbeaver.model.navigator.DBNProject.getDatabases(DBNProject.java:66)
	at org.jkiss.dbeaver.model.navigator.DBNModel.ensureProjectLoaded(DBNModel.java:669)
	at org.jkiss.dbeaver.ui.navigator.database.DatabaseBrowserView.getNodeFromSecondaryId(DatabaseBrowserView.java:113)
	at org.jkiss.dbeaver.ui.navigator.database.DatabaseBrowserView.getRootNode(DatabaseBrowserView.java:55)
	at org.jkiss.dbeaver.ui.navigator.database.NavigatorViewBase.lambda$0(NavigatorViewBase.java:109)
	at org.jkiss.dbeaver.ui.UIExecutionQueue.executeInUI(UIExecutionQueue.java:68)
	at org.eclipse.swt.widgets.RunnableLock.run(RunnableLock.java:40)
	at org.eclipse.swt.widgets.Synchronizer.runAsyncMessages(Synchronizer.java:132)
	at org.eclipse.swt.widgets.Display.runAsyncMessages(Display.java:4046)
	at org.eclipse.swt.widgets.Display.readAndDispatch(Display.java:3662)
	at org.eclipse.e4.ui.internal.workbench.swt.PartRenderingEngine$5.run(PartRenderingEngine.java:1155)
	at org.eclipse.core.databinding.observable.Realm.runWithDefault(Realm.java:342)
	at org.eclipse.e4.ui.internal.workbench.swt.PartRenderingEngine.run(PartRenderingEngine.java:1046)
	at org.eclipse.e4.ui.internal.workbench.E4Workbench.createAndRunUI(E4Workbench.java:155)
	at org.eclipse.ui.internal.Workbench.lambda$3(Workbench.java:648)
	at org.eclipse.core.databinding.observable.Realm.runWithDefault(Realm.java:342)
	at org.eclipse.ui.internal.Workbench.createAndRunWorkbench(Workbench.java:555)
	at org.eclipse.ui.PlatformUI.createAndRunWorkbench(PlatformUI.java:173)
	at org.jkiss.dbeaver.ui.app.standalone.DBeaverApplication.start(DBeaverApplication.java:290)
	at org.eclipse.equinox.internal.app.EclipseAppHandle.run(EclipseAppHandle.java:208)
	at org.eclipse.core.runtime.internal.adaptor.EclipseAppLauncher.runApplication(EclipseAppLauncher.java:136)
	at org.eclipse.core.runtime.internal.adaptor.EclipseAppLauncher.start(EclipseAppLauncher.java:104)
	at org.eclipse.core.runtime.adaptor.EclipseStarter.run(EclipseStarter.java:402)
	at org.eclipse.core.runtime.adaptor.EclipseStarter.run(EclipseStarter.java:255)
	at java.base/jdk.internal.reflect.NativeMethodAccessorImpl.invoke0(Native Method)
	at java.base/jdk.internal.reflect.NativeMethodAccessorImpl.invoke(Unknown Source)
	at java.base/jdk.internal.reflect.DelegatingMethodAccessorImpl.invoke(Unknown Source)
	at java.base/java.lang.reflect.Method.invoke(Unknown Source)
	at org.eclipse.equinox.launcher.Main.invokeFramework(Main.java:665)
	at org.eclipse.equinox.launcher.Main.basicRun(Main.java:602)
	at org.eclipse.equinox.launcher.Main.run(Main.java:1486)
2024-03-28 08:38:43.367 - Event loop exception
java.lang.IllegalStateException: Can't read project contents
	at org.jkiss.dbeaver.model.navigator.DBNProject.getDatabases(DBNProject.java:72)
	at org.jkiss.dbeaver.model.navigator.DBNModel.ensureProjectLoaded(DBNModel.java:669)
	at org.jkiss.dbeaver.ui.navigator.database.DatabaseBrowserView.getNodeFromSecondaryId(DatabaseBrowserView.java:113)
	at org.jkiss.dbeaver.ui.navigator.database.DatabaseBrowserView.getRootNode(DatabaseBrowserView.java:55)
	at org.jkiss.dbeaver.ui.navigator.database.NavigatorViewBase.lambda$0(NavigatorViewBase.java:109)
	at org.jkiss.dbeaver.ui.UIExecutionQueue.executeInUI(UIExecutionQueue.java:68)
	at org.eclipse.swt.widgets.RunnableLock.run(RunnableLock.java:40)
	at org.eclipse.swt.widgets.Synchronizer.runAsyncMessages(Synchronizer.java:132)
	at org.eclipse.swt.widgets.Display.runAsyncMessages(Display.java:4046)
	at org.eclipse.swt.widgets.Display.readAndDispatch(Display.java:3662)
	at org.eclipse.e4.ui.internal.workbench.swt.PartRenderingEngine$5.run(PartRenderingEngine.java:1155)
	at org.eclipse.core.databinding.observable.Realm.runWithDefault(Realm.java:342)
	at org.eclipse.e4.ui.internal.workbench.swt.PartRenderingEngine.run(PartRenderingEngine.java:1046)
	at org.eclipse.e4.ui.internal.workbench.E4Workbench.createAndRunUI(E4Workbench.java:155)
	at org.eclipse.ui.internal.Workbench.lambda$3(Workbench.java:648)
	at org.eclipse.core.databinding.observable.Realm.runWithDefault(Realm.java:342)
	at org.eclipse.ui.internal.Workbench.createAndRunWorkbench(Workbench.java:555)
	at org.eclipse.ui.PlatformUI.createAndRunWorkbench(PlatformUI.java:173)
	at org.jkiss.dbeaver.ui.app.standalone.DBeaverApplication.start(DBeaverApplication.java:290)
	at org.eclipse.equinox.internal.app.EclipseAppHandle.run(EclipseAppHandle.java:208)
	at org.eclipse.core.runtime.internal.adaptor.EclipseAppLauncher.runApplication(EclipseAppLauncher.java:136)
	at org.eclipse.core.runtime.internal.adaptor.EclipseAppLauncher.start(EclipseAppLauncher.java:104)
	at org.eclipse.core.runtime.adaptor.EclipseStarter.run(EclipseStarter.java:402)
	at org.eclipse.core.runtime.adaptor.EclipseStarter.run(EclipseStarter.java:255)
	at java.base/jdk.internal.reflect.NativeMethodAccessorImpl.invoke0(Native Method)
	at java.base/jdk.internal.reflect.NativeMethodAccessorImpl.invoke(Unknown Source)
	at java.base/jdk.internal.reflect.DelegatingMethodAccessorImpl.invoke(Unknown Source)
	at java.base/java.lang.reflect.Method.invoke(Unknown Source)
	at org.eclipse.equinox.launcher.Main.invokeFramework(Main.java:665)
	at org.eclipse.equinox.launcher.Main.basicRun(Main.java:602)
	at org.eclipse.equinox.launcher.Main.run(Main.java:1486)
Caused by: org.jkiss.dbeaver.DBException: Can't read container's members
	at org.jkiss.dbeaver.model.navigator.DBNResource.readChildNodes(DBNResource.java:239)
	at org.jkiss.dbeaver.model.navigator.DBNProject.readChildNodes(DBNProject.java:187)
	at org.jkiss.dbeaver.model.navigator.DBNResource.getChildren(DBNResource.java:219)
	at org.jkiss.dbeaver.model.navigator.DBNProject.getDatabases(DBNProject.java:66)
	... 30 more
Caused by: org.eclipse.core.internal.resources.ResourceException: Project 'General' is not open.
	at org.eclipse.core.internal.resources.Project.checkAccessible(Project.java:186)
	at org.eclipse.core.internal.resources.Container.members(Container.java:244)
	at org.eclipse.core.internal.resources.Container.members(Container.java:237)
	at org.jkiss.dbeaver.model.navigator.DBNResource.readChildNodes(DBNResource.java:229)
	... 33 more
Caused by: java.lang.Exception: Project 'General' is not open.
	at org.eclipse.core.internal.resources.ResourceException.provideStackTrace(ResourceException.java:42)
	at org.eclipse.core.internal.resources.ResourceException.<init>(ResourceException.java:38)
	... 37 more
2024-03-28 08:38:43.377 - Recovering project 'General' metadata C:\Users\emanuel.souza2\Documents\Vilmar\Vacina\General\.project
2024-03-28 08:38:43.378 - Error opening project
java.io.FileNotFoundException: C:\Users\emanuel.souza2\Documents\Vilmar\Vacina\General\.project (O sistema não pode encontrar o caminho especificado)
	at java.base/java.io.FileOutputStream.open0(Native Method)
	at java.base/java.io.FileOutputStream.open(Unknown Source)
	at java.base/java.io.FileOutputStream.<init>(Unknown Source)
	at java.base/java.io.FileOutputStream.<init>(Unknown Source)
	at java.base/java.io.FileWriter.<init>(Unknown Source)
	at org.jkiss.utils.IOUtils.writeFileFromString(IOUtils.java:204)
	at org.jkiss.dbeaver.registry.LocalProjectImpl.recoverProjectDescription(LocalProjectImpl.java:262)
	at org.jkiss.dbeaver.registry.LocalProjectImpl.ensureOpen(LocalProjectImpl.java:115)
	at org.jkiss.dbeaver.model.navigator.DBNProject.readChildNodes(DBNProject.java:172)
	at org.jkiss.dbeaver.model.navigator.DBNResource.getChildren(DBNResource.java:219)
	at org.jkiss.dbeaver.model.navigator.DBNProject.getDatabases(DBNProject.java:66)
	at org.jkiss.dbeaver.model.navigator.DBNModel.ensureProjectLoaded(DBNModel.java:669)
	at org.jkiss.dbeaver.ui.navigator.database.DatabaseBrowserView.getNodeFromSecondaryId(DatabaseBrowserView.java:113)
	at org.jkiss.dbeaver.ui.navigator.database.DatabaseBrowserView.lambda$0(DatabaseBrowserView.java:77)
	at org.jkiss.dbeaver.ui.UIExecutionQueue.executeInUI(UIExecutionQueue.java:68)
	at org.eclipse.swt.widgets.RunnableLock.run(RunnableLock.java:40)
	at org.eclipse.swt.widgets.Synchronizer.runAsyncMessages(Synchronizer.java:132)
	at org.eclipse.swt.widgets.Display.runAsyncMessages(Display.java:4046)
	at org.eclipse.swt.widgets.Display.readAndDispatch(Display.java:3662)
	at org.eclipse.e4.ui.internal.workbench.swt.PartRenderingEngine$5.run(PartRenderingEngine.java:1155)
	at org.eclipse.core.databinding.observable.Realm.runWithDefault(Realm.java:342)
	at org.eclipse.e4.ui.internal.workbench.swt.PartRenderingEngine.run(PartRenderingEngine.java:1046)
	at org.eclipse.e4.ui.internal.workbench.E4Workbench.createAndRunUI(E4Workbench.java:155)
	at org.eclipse.ui.internal.Workbench.lambda$3(Workbench.java:648)
	at org.eclipse.core.databinding.observable.Realm.runWithDefault(Realm.java:342)
	at org.eclipse.ui.internal.Workbench.createAndRunWorkbench(Workbench.java:555)
	at org.eclipse.ui.PlatformUI.createAndRunWorkbench(PlatformUI.java:173)
	at org.jkiss.dbeaver.ui.app.standalone.DBeaverApplication.start(DBeaverApplication.java:290)
	at org.eclipse.equinox.internal.app.EclipseAppHandle.run(EclipseAppHandle.java:208)
	at org.eclipse.core.runtime.internal.adaptor.EclipseAppLauncher.runApplication(EclipseAppLauncher.java:136)
	at org.eclipse.core.runtime.internal.adaptor.EclipseAppLauncher.start(EclipseAppLauncher.java:104)
	at org.eclipse.core.runtime.adaptor.EclipseStarter.run(EclipseStarter.java:402)
	at org.eclipse.core.runtime.adaptor.EclipseStarter.run(EclipseStarter.java:255)
	at java.base/jdk.internal.reflect.NativeMethodAccessorImpl.invoke0(Native Method)
	at java.base/jdk.internal.reflect.NativeMethodAccessorImpl.invoke(Unknown Source)
	at java.base/jdk.internal.reflect.DelegatingMethodAccessorImpl.invoke(Unknown Source)
	at java.base/java.lang.reflect.Method.invoke(Unknown Source)
	at org.eclipse.equinox.launcher.Main.invokeFramework(Main.java:665)
	at org.eclipse.equinox.launcher.Main.basicRun(Main.java:602)
	at org.eclipse.equinox.launcher.Main.run(Main.java:1486)
2024-03-28 08:38:43.384 - Recovering project 'General' metadata C:\Users\emanuel.souza2\Documents\Vilmar\Vacina\General\.project
2024-03-28 08:38:43.385 - Error opening project
java.io.FileNotFoundException: C:\Users\emanuel.souza2\Documents\Vilmar\Vacina\General\.project (O sistema não pode encontrar o caminho especificado)
	at java.base/java.io.FileOutputStream.open0(Native Method)
	at java.base/java.io.FileOutputStream.open(Unknown Source)
	at java.base/java.io.FileOutputStream.<init>(Unknown Source)
	at java.base/java.io.FileOutputStream.<init>(Unknown Source)
	at java.base/java.io.FileWriter.<init>(Unknown Source)
	at org.jkiss.utils.IOUtils.writeFileFromString(IOUtils.java:204)
	at org.jkiss.dbeaver.registry.LocalProjectImpl.recoverProjectDescription(LocalProjectImpl.java:262)
	at org.jkiss.dbeaver.registry.LocalProjectImpl.ensureOpen(LocalProjectImpl.java:115)
	at org.jkiss.dbeaver.registry.BaseProjectImpl.getDataSourceRegistry(BaseProjectImpl.java:189)
	at org.jkiss.dbeaver.model.navigator.DBNProject.readChildNodes(DBNProject.java:175)
	at org.jkiss.dbeaver.model.navigator.DBNResource.getChildren(DBNResource.java:219)
	at org.jkiss.dbeaver.model.navigator.DBNProject.getDatabases(DBNProject.java:66)
	at org.jkiss.dbeaver.model.navigator.DBNModel.ensureProjectLoaded(DBNModel.java:669)
	at org.jkiss.dbeaver.ui.navigator.database.DatabaseBrowserView.getNodeFromSecondaryId(DatabaseBrowserView.java:113)
	at org.jkiss.dbeaver.ui.navigator.database.DatabaseBrowserView.lambda$0(DatabaseBrowserView.java:77)
	at org.jkiss.dbeaver.ui.UIExecutionQueue.executeInUI(UIExecutionQueue.java:68)
	at org.eclipse.swt.widgets.RunnableLock.run(RunnableLock.java:40)
	at org.eclipse.swt.widgets.Synchronizer.runAsyncMessages(Synchronizer.java:132)
	at org.eclipse.swt.widgets.Display.runAsyncMessages(Display.java:4046)
	at org.eclipse.swt.widgets.Display.readAndDispatch(Display.java:3662)
	at org.eclipse.e4.ui.internal.workbench.swt.PartRenderingEngine$5.run(PartRenderingEngine.java:1155)
	at org.eclipse.core.databinding.observable.Realm.runWithDefault(Realm.java:342)
	at org.eclipse.e4.ui.internal.workbench.swt.PartRenderingEngine.run(PartRenderingEngine.java:1046)
	at org.eclipse.e4.ui.internal.workbench.E4Workbench.createAndRunUI(E4Workbench.java:155)
	at org.eclipse.ui.internal.Workbench.lambda$3(Workbench.java:648)
	at org.eclipse.core.databinding.observable.Realm.runWithDefault(Realm.java:342)
	at org.eclipse.ui.internal.Workbench.createAndRunWorkbench(Workbench.java:555)
	at org.eclipse.ui.PlatformUI.createAndRunWorkbench(PlatformUI.java:173)
	at org.jkiss.dbeaver.ui.app.standalone.DBeaverApplication.start(DBeaverApplication.java:290)
	at org.eclipse.equinox.internal.app.EclipseAppHandle.run(EclipseAppHandle.java:208)
	at org.eclipse.core.runtime.internal.adaptor.EclipseAppLauncher.runApplication(EclipseAppLauncher.java:136)
	at org.eclipse.core.runtime.internal.adaptor.EclipseAppLauncher.start(EclipseAppLauncher.java:104)
	at org.eclipse.core.runtime.adaptor.EclipseStarter.run(EclipseStarter.java:402)
	at org.eclipse.core.runtime.adaptor.EclipseStarter.run(EclipseStarter.java:255)
	at java.base/jdk.internal.reflect.NativeMethodAccessorImpl.invoke0(Native Method)
	at java.base/jdk.internal.reflect.NativeMethodAccessorImpl.invoke(Unknown Source)
	at java.base/jdk.internal.reflect.DelegatingMethodAccessorImpl.invoke(Unknown Source)
	at java.base/java.lang.reflect.Method.invoke(Unknown Source)
	at org.eclipse.equinox.launcher.Main.invokeFramework(Main.java:665)
	at org.eclipse.equinox.launcher.Main.basicRun(Main.java:602)
	at org.eclipse.equinox.launcher.Main.run(Main.java:1486)
2024-03-28 08:38:43.396 - Event loop exception
java.lang.IllegalStateException: Can't read project contents
	at org.jkiss.dbeaver.model.navigator.DBNProject.getDatabases(DBNProject.java:72)
	at org.jkiss.dbeaver.model.navigator.DBNModel.ensureProjectLoaded(DBNModel.java:669)
	at org.jkiss.dbeaver.ui.navigator.database.DatabaseBrowserView.getNodeFromSecondaryId(DatabaseBrowserView.java:113)
	at org.jkiss.dbeaver.ui.navigator.database.DatabaseBrowserView.lambda$0(DatabaseBrowserView.java:77)
	at org.jkiss.dbeaver.ui.UIExecutionQueue.executeInUI(UIExecutionQueue.java:68)
	at org.eclipse.swt.widgets.RunnableLock.run(RunnableLock.java:40)
	at org.eclipse.swt.widgets.Synchronizer.runAsyncMessages(Synchronizer.java:132)
	at org.eclipse.swt.widgets.Display.runAsyncMessages(Display.java:4046)
	at org.eclipse.swt.widgets.Display.readAndDispatch(Display.java:3662)
	at org.eclipse.e4.ui.internal.workbench.swt.PartRenderingEngine$5.run(PartRenderingEngine.java:1155)
	at org.eclipse.core.databinding.observable.Realm.runWithDefault(Realm.java:342)
	at org.eclipse.e4.ui.internal.workbench.swt.PartRenderingEngine.run(PartRenderingEngine.java:1046)
	at org.eclipse.e4.ui.internal.workbench.E4Workbench.createAndRunUI(E4Workbench.java:155)
	at org.eclipse.ui.internal.Workbench.lambda$3(Workbench.java:648)
	at org.eclipse.core.databinding.observable.Realm.runWithDefault(Realm.java:342)
	at org.eclipse.ui.internal.Workbench.createAndRunWorkbench(Workbench.java:555)
	at org.eclipse.ui.PlatformUI.createAndRunWorkbench(PlatformUI.java:173)
	at org.jkiss.dbeaver.ui.app.standalone.DBeaverApplication.start(DBeaverApplication.java:290)
	at org.eclipse.equinox.internal.app.EclipseAppHandle.run(EclipseAppHandle.java:208)
	at org.eclipse.core.runtime.internal.adaptor.EclipseAppLauncher.runApplication(EclipseAppLauncher.java:136)
	at org.eclipse.core.runtime.internal.adaptor.EclipseAppLauncher.start(EclipseAppLauncher.java:104)
	at org.eclipse.core.runtime.adaptor.EclipseStarter.run(EclipseStarter.java:402)
	at org.eclipse.core.runtime.adaptor.EclipseStarter.run(EclipseStarter.java:255)
	at java.base/jdk.internal.reflect.NativeMethodAccessorImpl.invoke0(Native Method)
	at java.base/jdk.internal.reflect.NativeMethodAccessorImpl.invoke(Unknown Source)
	at java.base/jdk.internal.reflect.DelegatingMethodAccessorImpl.invoke(Unknown Source)
	at java.base/java.lang.reflect.Method.invoke(Unknown Source)
	at org.eclipse.equinox.launcher.Main.invokeFramework(Main.java:665)
	at org.eclipse.equinox.launcher.Main.basicRun(Main.java:602)
	at org.eclipse.equinox.launcher.Main.run(Main.java:1486)
Caused by: org.jkiss.dbeaver.DBException: Can't read container's members
	at org.jkiss.dbeaver.model.navigator.DBNResource.readChildNodes(DBNResource.java:239)
	at org.jkiss.dbeaver.model.navigator.DBNProject.readChildNodes(DBNProject.java:187)
	at org.jkiss.dbeaver.model.navigator.DBNResource.getChildren(DBNResource.java:219)
	at org.jkiss.dbeaver.model.navigator.DBNProject.getDatabases(DBNProject.java:66)
	... 29 more
Caused by: org.eclipse.core.internal.resources.ResourceException: Project 'General' is not open.
	at org.eclipse.core.internal.resources.Project.checkAccessible(Project.java:186)
	at org.eclipse.core.internal.resources.Container.members(Container.java:244)
	at org.eclipse.core.internal.resources.Container.members(Container.java:237)
	at org.jkiss.dbeaver.model.navigator.DBNResource.readChildNodes(DBNResource.java:229)
	... 32 more
Caused by: java.lang.Exception: Project 'General' is not open.
	at org.eclipse.core.internal.resources.ResourceException.provideStackTrace(ResourceException.java:42)
	at org.eclipse.core.internal.resources.ResourceException.<init>(ResourceException.java:38)
	... 36 more
2024-03-28 08:38:43.470 - Project 'Teste' is not open.
java.lang.Exception: Project 'Teste' is not open.
	at org.eclipse.core.internal.resources.ResourceException.provideStackTrace(ResourceException.java:42)
	at org.eclipse.core.internal.resources.ResourceException.<init>(ResourceException.java:38)
	at org.eclipse.core.internal.resources.Project.checkAccessible(Project.java:186)
	at org.eclipse.core.internal.resources.Container.members(Container.java:244)
	at org.eclipse.core.internal.resources.Container.members(Container.java:237)
	at org.jkiss.dbeaver.model.navigator.DBNResource.readChildNodes(DBNResource.java:229)
	at org.jkiss.dbeaver.model.navigator.DBNProject.readChildNodes(DBNProject.java:187)
	at org.jkiss.dbeaver.model.navigator.DBNResource.getChildren(DBNResource.java:219)
	at org.jkiss.dbeaver.model.navigator.DBNUtils.getNodeChildrenFiltered(DBNUtils.java:91)
	at org.jkiss.dbeaver.ui.navigator.database.load.TreeLoadService.evaluate(TreeLoadService.java:49)
	at org.jkiss.dbeaver.ui.navigator.database.load.TreeLoadService.evaluate(TreeLoadService.java:1)
	at org.jkiss.dbeaver.ui.LoadingJob.run(LoadingJob.java:89)
	at org.jkiss.dbeaver.ui.LoadingJob.run(LoadingJob.java:73)
	at org.jkiss.dbeaver.model.runtime.AbstractJob.run(AbstractJob.java:114)
	at org.eclipse.core.internal.jobs.Worker.run(Worker.java:63)
2024-03-28 08:38:43.690 - Recovering project 'Teste' metadata C:\Users\emanuel.souza2\Documents\Vilmar\Vacina\Teste\.project
2024-03-28 08:38:43.690 - Error opening project
java.io.FileNotFoundException: C:\Users\emanuel.souza2\Documents\Vilmar\Vacina\Teste\.project (O sistema não pode encontrar o caminho especificado)
	at java.base/java.io.FileOutputStream.open0(Native Method)
	at java.base/java.io.FileOutputStream.open(Unknown Source)
	at java.base/java.io.FileOutputStream.<init>(Unknown Source)
	at java.base/java.io.FileOutputStream.<init>(Unknown Source)
	at java.base/java.io.FileWriter.<init>(Unknown Source)
	at org.jkiss.utils.IOUtils.writeFileFromString(IOUtils.java:204)
	at org.jkiss.dbeaver.registry.LocalProjectImpl.recoverProjectDescription(LocalProjectImpl.java:262)
	at org.jkiss.dbeaver.registry.LocalProjectImpl.ensureOpen(LocalProjectImpl.java:115)
	at org.jkiss.dbeaver.registry.BaseProjectImpl.getDataSourceRegistry(BaseProjectImpl.java:189)
	at org.jkiss.dbeaver.ui.editors.DatabaseLazyEditorInput.initializeRealInput(DatabaseLazyEditorInput.java:245)
	at org.jkiss.dbeaver.ui.editors.ProgressEditorPart$InitNodeService.evaluate(ProgressEditorPart.java:171)
	at org.jkiss.dbeaver.ui.editors.ProgressEditorPart$InitNodeService.evaluate(ProgressEditorPart.java:1)
	at org.jkiss.dbeaver.ui.LoadingJob.run(LoadingJob.java:89)
	at org.jkiss.dbeaver.ui.LoadingJob.run(LoadingJob.java:73)
	at org.jkiss.dbeaver.model.runtime.AbstractJob.run(AbstractJob.java:114)
	at org.eclipse.core.internal.jobs.Worker.run(Worker.java:63)
2024-03-28 08:38:43.692 - Can't find data source 'mysql8-18e84a5570e-34c9d36c318beea0'
2024-03-28 08:38:45.939 - Recovering project 'Teste' metadata C:\Users\emanuel.souza2\Documents\Vilmar\Vacina\Teste\.project
2024-03-28 08:38:45.940 - Error opening project
java.io.FileNotFoundException: C:\Users\emanuel.souza2\Documents\Vilmar\Vacina\Teste\.project (O sistema não pode encontrar o caminho especificado)
	at java.base/java.io.FileOutputStream.open0(Native Method)
	at java.base/java.io.FileOutputStream.open(Unknown Source)
	at java.base/java.io.FileOutputStream.<init>(Unknown Source)
	at java.base/java.io.FileOutputStream.<init>(Unknown Source)
	at java.base/java.io.FileWriter.<init>(Unknown Source)
	at org.jkiss.utils.IOUtils.writeFileFromString(IOUtils.java:204)
	at org.jkiss.dbeaver.registry.LocalProjectImpl.recoverProjectDescription(LocalProjectImpl.java:262)
	at org.jkiss.dbeaver.registry.LocalProjectImpl.ensureOpen(LocalProjectImpl.java:115)
	at org.jkiss.dbeaver.model.navigator.DBNProject.readChildNodes(DBNProject.java:172)
	at org.jkiss.dbeaver.model.navigator.DBNResource.getChildren(DBNResource.java:219)
	at org.jkiss.dbeaver.model.navigator.DBNUtils.getNodeChildrenFiltered(DBNUtils.java:91)
	at org.jkiss.dbeaver.ui.navigator.database.load.TreeLoadService.evaluate(TreeLoadService.java:49)
	at org.jkiss.dbeaver.ui.navigator.database.load.TreeLoadService.evaluate(TreeLoadService.java:1)
	at org.jkiss.dbeaver.ui.LoadingJob.run(LoadingJob.java:89)
	at org.jkiss.dbeaver.ui.LoadingJob.run(LoadingJob.java:73)
	at org.jkiss.dbeaver.model.runtime.AbstractJob.run(AbstractJob.java:114)
	at org.eclipse.core.internal.jobs.Worker.run(Worker.java:63)
2024-03-28 08:38:45.945 - Recovering project 'Teste' metadata C:\Users\emanuel.souza2\Documents\Vilmar\Vacina\Teste\.project
2024-03-28 08:38:45.945 - Error opening project
java.io.FileNotFoundException: C:\Users\emanuel.souza2\Documents\Vilmar\Vacina\Teste\.project (O sistema não pode encontrar o caminho especificado)
	at java.base/java.io.FileOutputStream.open0(Native Method)
	at java.base/java.io.FileOutputStream.open(Unknown Source)
	at java.base/java.io.FileOutputStream.<init>(Unknown Source)
	at java.base/java.io.FileOutputStream.<init>(Unknown Source)
	at java.base/java.io.FileWriter.<init>(Unknown Source)
	at org.jkiss.utils.IOUtils.writeFileFromString(IOUtils.java:204)
	at org.jkiss.dbeaver.registry.LocalProjectImpl.recoverProjectDescription(LocalProjectImpl.java:262)
	at org.jkiss.dbeaver.registry.LocalProjectImpl.ensureOpen(LocalProjectImpl.java:115)
	at org.jkiss.dbeaver.registry.BaseProjectImpl.getDataSourceRegistry(BaseProjectImpl.java:189)
	at org.jkiss.dbeaver.model.navigator.DBNProject.readChildNodes(DBNProject.java:175)
	at org.jkiss.dbeaver.model.navigator.DBNResource.getChildren(DBNResource.java:219)
	at org.jkiss.dbeaver.model.navigator.DBNUtils.getNodeChildrenFiltered(DBNUtils.java:91)
	at org.jkiss.dbeaver.ui.navigator.database.load.TreeLoadService.evaluate(TreeLoadService.java:49)
	at org.jkiss.dbeaver.ui.navigator.database.load.TreeLoadService.evaluate(TreeLoadService.java:1)
	at org.jkiss.dbeaver.ui.LoadingJob.run(LoadingJob.java:89)
	at org.jkiss.dbeaver.ui.LoadingJob.run(LoadingJob.java:73)
	at org.jkiss.dbeaver.model.runtime.AbstractJob.run(AbstractJob.java:114)
	at org.eclipse.core.internal.jobs.Worker.run(Worker.java:63)
2024-03-28 08:38:45.949 - Project 'Teste' is not open.
java.lang.Exception: Project 'Teste' is not open.
	at org.eclipse.core.internal.resources.ResourceException.provideStackTrace(ResourceException.java:42)
	at org.eclipse.core.internal.resources.ResourceException.<init>(ResourceException.java:38)
	at org.eclipse.core.internal.resources.Project.checkAccessible(Project.java:186)
	at org.eclipse.core.internal.resources.Container.members(Container.java:244)
	at org.eclipse.core.internal.resources.Container.members(Container.java:237)
	at org.jkiss.dbeaver.model.navigator.DBNResource.readChildNodes(DBNResource.java:229)
	at org.jkiss.dbeaver.model.navigator.DBNProject.readChildNodes(DBNProject.java:187)
	at org.jkiss.dbeaver.model.navigator.DBNResource.getChildren(DBNResource.java:219)
	at org.jkiss.dbeaver.model.navigator.DBNUtils.getNodeChildrenFiltered(DBNUtils.java:91)
	at org.jkiss.dbeaver.ui.navigator.database.load.TreeLoadService.evaluate(TreeLoadService.java:49)
	at org.jkiss.dbeaver.ui.navigator.database.load.TreeLoadService.evaluate(TreeLoadService.java:1)
	at org.jkiss.dbeaver.ui.LoadingJob.run(LoadingJob.java:89)
	at org.jkiss.dbeaver.ui.LoadingJob.run(LoadingJob.java:73)
	at org.jkiss.dbeaver.model.runtime.AbstractJob.run(AbstractJob.java:114)
	at org.eclipse.core.internal.jobs.Worker.run(Worker.java:63)
2024-03-28 08:38:49.204 - Recovering project '123' metadata C:\Users\emanuel.souza2\Documents\Vilmar\Vacina\123\.project
2024-03-28 08:38:49.205 - Error opening project
java.io.FileNotFoundException: C:\Users\emanuel.souza2\Documents\Vilmar\Vacina\123\.project (O sistema não pode encontrar o caminho especificado)
	at java.base/java.io.FileOutputStream.open0(Native Method)
	at java.base/java.io.FileOutputStream.open(Unknown Source)
	at java.base/java.io.FileOutputStream.<init>(Unknown Source)
	at java.base/java.io.FileOutputStream.<init>(Unknown Source)
	at java.base/java.io.FileWriter.<init>(Unknown Source)
	at org.jkiss.utils.IOUtils.writeFileFromString(IOUtils.java:204)
	at org.jkiss.dbeaver.registry.LocalProjectImpl.recoverProjectDescription(LocalProjectImpl.java:262)
	at org.jkiss.dbeaver.registry.LocalProjectImpl.ensureOpen(LocalProjectImpl.java:115)
	at org.jkiss.dbeaver.model.navigator.DBNProject.getNodeDescription(DBNProject.java:97)
	at org.jkiss.dbeaver.ui.navigator.database.NavigatorViewBase.onSelectionChange(NavigatorViewBase.java:254)
	at org.jkiss.dbeaver.ui.navigator.database.NavigatorViewBase.lambda$1(NavigatorViewBase.java:119)
	at org.eclipse.jface.viewers.Viewer$1.run(Viewer.java:151)
	at org.eclipse.core.runtime.SafeRunner.run(SafeRunner.java:47)
	at org.eclipse.jface.util.SafeRunnable.run(SafeRunnable.java:174)
	at org.eclipse.jface.viewers.Viewer.fireSelectionChanged(Viewer.java:148)
	at org.eclipse.jface.viewers.StructuredViewer.updateSelection(StructuredViewer.java:2137)
	at org.eclipse.jface.viewers.ColumnViewer.updateSelection(ColumnViewer.java:1060)
	at org.eclipse.jface.viewers.StructuredViewer.handleSelect(StructuredViewer.java:1175)
	at org.eclipse.jface.viewers.StructuredViewer$4.widgetSelected(StructuredViewer.java:1204)
	at org.eclipse.jface.util.OpenStrategy.fireSelectionEvent(OpenStrategy.java:263)
	at org.eclipse.jface.util.OpenStrategy$1.handleEvent(OpenStrategy.java:421)
	at org.eclipse.swt.widgets.EventTable.sendEvent(EventTable.java:89)
	at org.eclipse.swt.widgets.Display.sendEvent(Display.java:4273)
	at org.eclipse.swt.widgets.Widget.sendEvent(Widget.java:1066)
	at org.eclipse.swt.widgets.Display.runDeferredEvents(Display.java:4071)
	at org.eclipse.swt.widgets.Display.readAndDispatch(Display.java:3659)
	at org.eclipse.e4.ui.internal.workbench.swt.PartRenderingEngine$5.run(PartRenderingEngine.java:1155)
	at org.eclipse.core.databinding.observable.Realm.runWithDefault(Realm.java:342)
	at org.eclipse.e4.ui.internal.workbench.swt.PartRenderingEngine.run(PartRenderingEngine.java:1046)
	at org.eclipse.e4.ui.internal.workbench.E4Workbench.createAndRunUI(E4Workbench.java:155)
	at org.eclipse.ui.internal.Workbench.lambda$3(Workbench.java:648)
	at org.eclipse.core.databinding.observable.Realm.runWithDefault(Realm.java:342)
	at org.eclipse.ui.internal.Workbench.createAndRunWorkbench(Workbench.java:555)
	at org.eclipse.ui.PlatformUI.createAndRunWorkbench(PlatformUI.java:173)
	at org.jkiss.dbeaver.ui.app.standalone.DBeaverApplication.start(DBeaverApplication.java:290)
	at org.eclipse.equinox.internal.app.EclipseAppHandle.run(EclipseAppHandle.java:208)
	at org.eclipse.core.runtime.internal.adaptor.EclipseAppLauncher.runApplication(EclipseAppLauncher.java:136)
	at org.eclipse.core.runtime.internal.adaptor.EclipseAppLauncher.start(EclipseAppLauncher.java:104)
	at org.eclipse.core.runtime.adaptor.EclipseStarter.run(EclipseStarter.java:402)
	at org.eclipse.core.runtime.adaptor.EclipseStarter.run(EclipseStarter.java:255)
	at java.base/jdk.internal.reflect.NativeMethodAccessorImpl.invoke0(Native Method)
	at java.base/jdk.internal.reflect.NativeMethodAccessorImpl.invoke(Unknown Source)
	at java.base/jdk.internal.reflect.DelegatingMethodAccessorImpl.invoke(Unknown Source)
	at java.base/java.lang.reflect.Method.invoke(Unknown Source)
	at org.eclipse.equinox.launcher.Main.invokeFramework(Main.java:665)
	at org.eclipse.equinox.launcher.Main.basicRun(Main.java:602)
	at org.eclipse.equinox.launcher.Main.run(Main.java:1486)
2024-03-28 08:38:49.207 - org.eclipse.core.internal.resources.ResourceException: Project '123' is not open.
org.eclipse.core.internal.resources.ResourceException(/123)[372]: java.lang.Exception: Project '123' is not open.
	at org.eclipse.core.internal.resources.ResourceException.provideStackTrace(ResourceException.java:42)
	at org.eclipse.core.internal.resources.ResourceException.<init>(ResourceException.java:38)
	at org.eclipse.core.internal.resources.Project.checkAccessible(Project.java:186)
	at org.eclipse.core.internal.resources.Project.getDescription(Project.java:430)
	at org.jkiss.dbeaver.model.navigator.DBNProject.getNodeDescription(DBNProject.java:99)
	at org.jkiss.dbeaver.ui.navigator.database.NavigatorViewBase.onSelectionChange(NavigatorViewBase.java:254)
	at org.jkiss.dbeaver.ui.navigator.database.NavigatorViewBase.lambda$1(NavigatorViewBase.java:119)
	at org.eclipse.jface.viewers.Viewer$1.run(Viewer.java:151)
	at org.eclipse.core.runtime.SafeRunner.run(SafeRunner.java:47)
	at org.eclipse.jface.util.SafeRunnable.run(SafeRunnable.java:174)
	at org.eclipse.jface.viewers.Viewer.fireSelectionChanged(Viewer.java:148)
	at org.eclipse.jface.viewers.StructuredViewer.updateSelection(StructuredViewer.java:2137)
	at org.eclipse.jface.viewers.ColumnViewer.updateSelection(ColumnViewer.java:1060)
	at org.eclipse.jface.viewers.StructuredViewer.handleSelect(StructuredViewer.java:1175)
	at org.eclipse.jface.viewers.StructuredViewer$4.widgetSelected(StructuredViewer.java:1204)
	at org.eclipse.jface.util.OpenStrategy.fireSelectionEvent(OpenStrategy.java:263)
	at org.eclipse.jface.util.OpenStrategy$1.handleEvent(OpenStrategy.java:421)
	at org.eclipse.swt.widgets.EventTable.sendEvent(EventTable.java:89)
	at org.eclipse.swt.widgets.Display.sendEvent(Display.java:4273)
	at org.eclipse.swt.widgets.Widget.sendEvent(Widget.java:1066)
	at org.eclipse.swt.widgets.Display.runDeferredEvents(Display.java:4071)
	at org.eclipse.swt.widgets.Display.readAndDispatch(Display.java:3659)
	at org.eclipse.e4.ui.internal.workbench.swt.PartRenderingEngine$5.run(PartRenderingEngine.java:1155)
	at org.eclipse.core.databinding.observable.Realm.runWithDefault(Realm.java:342)
	at org.eclipse.e4.ui.internal.workbench.swt.PartRenderingEngine.run(PartRenderingEngine.java:1046)
	at org.eclipse.e4.ui.internal.workbench.E4Workbench.createAndRunUI(E4Workbench.java:155)
	at org.eclipse.ui.internal.Workbench.lambda$3(Workbench.java:648)
	at org.eclipse.core.databinding.observable.Realm.runWithDefault(Realm.java:342)
	at org.eclipse.ui.internal.Workbench.createAndRunWorkbench(Workbench.java:555)
	at org.eclipse.ui.PlatformUI.createAndRunWorkbench(PlatformUI.java:173)
	at org.jkiss.dbeaver.ui.app.standalone.DBeaverApplication.start(DBeaverApplication.java:290)
	at org.eclipse.equinox.internal.app.EclipseAppHandle.run(EclipseAppHandle.java:208)
	at org.eclipse.core.runtime.internal.adaptor.EclipseAppLauncher.runApplication(EclipseAppLauncher.java:136)
	at org.eclipse.core.runtime.internal.adaptor.EclipseAppLauncher.start(EclipseAppLauncher.java:104)
	at org.eclipse.core.runtime.adaptor.EclipseStarter.run(EclipseStarter.java:402)
	at org.eclipse.core.runtime.adaptor.EclipseStarter.run(EclipseStarter.java:255)
	at java.base/jdk.internal.reflect.NativeMethodAccessorImpl.invoke0(Native Method)
	at java.base/jdk.internal.reflect.NativeMethodAccessorImpl.invoke(Unknown Source)
	at java.base/jdk.internal.reflect.DelegatingMethodAccessorImpl.invoke(Unknown Source)
	at java.base/java.lang.reflect.Method.invoke(Unknown Source)
	at org.eclipse.equinox.launcher.Main.invokeFramework(Main.java:665)
	at org.eclipse.equinox.launcher.Main.basicRun(Main.java:602)
	at org.eclipse.equinox.launcher.Main.run(Main.java:1486)
2024-03-28 08:38:51.741 - Recovering project 'Teste' metadata C:\Users\emanuel.souza2\Documents\Vilmar\Vacina\Teste\.project
2024-03-28 08:38:51.741 - Error opening project
java.io.FileNotFoundException: C:\Users\emanuel.souza2\Documents\Vilmar\Vacina\Teste\.project (O sistema não pode encontrar o caminho especificado)
	at java.base/java.io.FileOutputStream.open0(Native Method)
	at java.base/java.io.FileOutputStream.open(Unknown Source)
	at java.base/java.io.FileOutputStream.<init>(Unknown Source)
	at java.base/java.io.FileOutputStream.<init>(Unknown Source)
	at java.base/java.io.FileWriter.<init>(Unknown Source)
	at org.jkiss.utils.IOUtils.writeFileFromString(IOUtils.java:204)
	at org.jkiss.dbeaver.registry.LocalProjectImpl.recoverProjectDescription(LocalProjectImpl.java:262)
	at org.jkiss.dbeaver.registry.LocalProjectImpl.ensureOpen(LocalProjectImpl.java:115)
	at org.jkiss.dbeaver.model.navigator.DBNProject.readChildNodes(DBNProject.java:172)
	at org.jkiss.dbeaver.model.navigator.DBNResource.getChildren(DBNResource.java:219)
	at org.jkiss.dbeaver.model.navigator.DBNUtils.getNodeChildrenFiltered(DBNUtils.java:91)
	at org.jkiss.dbeaver.ui.navigator.database.load.TreeLoadService.evaluate(TreeLoadService.java:49)
	at org.jkiss.dbeaver.ui.navigator.database.load.TreeLoadService.evaluate(TreeLoadService.java:1)
	at org.jkiss.dbeaver.ui.LoadingJob.run(LoadingJob.java:89)
	at org.jkiss.dbeaver.ui.LoadingJob.run(LoadingJob.java:73)
	at org.jkiss.dbeaver.model.runtime.AbstractJob.run(AbstractJob.java:114)
	at org.eclipse.core.internal.jobs.Worker.run(Worker.java:63)
2024-03-28 08:38:51.746 - Recovering project 'Teste' metadata C:\Users\emanuel.souza2\Documents\Vilmar\Vacina\Teste\.project
2024-03-28 08:38:51.747 - Error opening project
java.io.FileNotFoundException: C:\Users\emanuel.souza2\Documents\Vilmar\Vacina\Teste\.project (O sistema não pode encontrar o caminho especificado)
	at java.base/java.io.FileOutputStream.open0(Native Method)
	at java.base/java.io.FileOutputStream.open(Unknown Source)
	at java.base/java.io.FileOutputStream.<init>(Unknown Source)
	at java.base/java.io.FileOutputStream.<init>(Unknown Source)
	at java.base/java.io.FileWriter.<init>(Unknown Source)
	at org.jkiss.utils.IOUtils.writeFileFromString(IOUtils.java:204)
	at org.jkiss.dbeaver.registry.LocalProjectImpl.recoverProjectDescription(LocalProjectImpl.java:262)
	at org.jkiss.dbeaver.registry.LocalProjectImpl.ensureOpen(LocalProjectImpl.java:115)
	at org.jkiss.dbeaver.registry.BaseProjectImpl.getDataSourceRegistry(BaseProjectImpl.java:189)
	at org.jkiss.dbeaver.model.navigator.DBNProject.readChildNodes(DBNProject.java:175)
	at org.jkiss.dbeaver.model.navigator.DBNResource.getChildren(DBNResource.java:219)
	at org.jkiss.dbeaver.model.navigator.DBNUtils.getNodeChildrenFiltered(DBNUtils.java:91)
	at org.jkiss.dbeaver.ui.navigator.database.load.TreeLoadService.evaluate(TreeLoadService.java:49)
	at org.jkiss.dbeaver.ui.navigator.database.load.TreeLoadService.evaluate(TreeLoadService.java:1)
	at org.jkiss.dbeaver.ui.LoadingJob.run(LoadingJob.java:89)
	at org.jkiss.dbeaver.ui.LoadingJob.run(LoadingJob.java:73)
	at org.jkiss.dbeaver.model.runtime.AbstractJob.run(AbstractJob.java:114)
	at org.eclipse.core.internal.jobs.Worker.run(Worker.java:63)
2024-03-28 08:38:51.749 - Project 'Teste' is not open.
java.lang.Exception: Project 'Teste' is not open.
	at org.eclipse.core.internal.resources.ResourceException.provideStackTrace(ResourceException.java:42)
	at org.eclipse.core.internal.resources.ResourceException.<init>(ResourceException.java:38)
	at org.eclipse.core.internal.resources.Project.checkAccessible(Project.java:186)
	at org.eclipse.core.internal.resources.Container.members(Container.java:244)
	at org.eclipse.core.internal.resources.Container.members(Container.java:237)
	at org.jkiss.dbeaver.model.navigator.DBNResource.readChildNodes(DBNResource.java:229)
	at org.jkiss.dbeaver.model.navigator.DBNProject.readChildNodes(DBNProject.java:187)
	at org.jkiss.dbeaver.model.navigator.DBNResource.getChildren(DBNResource.java:219)
	at org.jkiss.dbeaver.model.navigator.DBNUtils.getNodeChildrenFiltered(DBNUtils.java:91)
	at org.jkiss.dbeaver.ui.navigator.database.load.TreeLoadService.evaluate(TreeLoadService.java:49)
	at org.jkiss.dbeaver.ui.navigator.database.load.TreeLoadService.evaluate(TreeLoadService.java:1)
	at org.jkiss.dbeaver.ui.LoadingJob.run(LoadingJob.java:89)
	at org.jkiss.dbeaver.ui.LoadingJob.run(LoadingJob.java:73)
	at org.jkiss.dbeaver.model.runtime.AbstractJob.run(AbstractJob.java:114)
	at org.eclipse.core.internal.jobs.Worker.run(Worker.java:63)
2024-03-28 08:38:54.443 - Recovering project 'Teste' metadata C:\Users\emanuel.souza2\Documents\Vilmar\Vacina\Teste\.project
2024-03-28 08:38:54.443 - Error opening project
java.io.FileNotFoundException: C:\Users\emanuel.souza2\Documents\Vilmar\Vacina\Teste\.project (O sistema não pode encontrar o caminho especificado)
	at java.base/java.io.FileOutputStream.open0(Native Method)
	at java.base/java.io.FileOutputStream.open(Unknown Source)
	at java.base/java.io.FileOutputStream.<init>(Unknown Source)
	at java.base/java.io.FileOutputStream.<init>(Unknown Source)
	at java.base/java.io.FileWriter.<init>(Unknown Source)
	at org.jkiss.utils.IOUtils.writeFileFromString(IOUtils.java:204)
	at org.jkiss.dbeaver.registry.LocalProjectImpl.recoverProjectDescription(LocalProjectImpl.java:262)
	at org.jkiss.dbeaver.registry.LocalProjectImpl.ensureOpen(LocalProjectImpl.java:115)
	at org.jkiss.dbeaver.model.navigator.DBNProject.readChildNodes(DBNProject.java:172)
	at org.jkiss.dbeaver.model.navigator.DBNResource.getChildren(DBNResource.java:219)
	at org.jkiss.dbeaver.model.navigator.DBNUtils.getNodeChildrenFiltered(DBNUtils.java:91)
	at org.jkiss.dbeaver.ui.navigator.database.load.TreeLoadService.evaluate(TreeLoadService.java:49)
	at org.jkiss.dbeaver.ui.navigator.database.load.TreeLoadService.evaluate(TreeLoadService.java:1)
	at org.jkiss.dbeaver.ui.LoadingJob.run(LoadingJob.java:89)
	at org.jkiss.dbeaver.ui.LoadingJob.run(LoadingJob.java:73)
	at org.jkiss.dbeaver.model.runtime.AbstractJob.run(AbstractJob.java:114)
	at org.eclipse.core.internal.jobs.Worker.run(Worker.java:63)
2024-03-28 08:38:54.448 - Recovering project 'Teste' metadata C:\Users\emanuel.souza2\Documents\Vilmar\Vacina\Teste\.project
2024-03-28 08:38:54.448 - Error opening project
java.io.FileNotFoundException: C:\Users\emanuel.souza2\Documents\Vilmar\Vacina\Teste\.project (O sistema não pode encontrar o caminho especificado)
	at java.base/java.io.FileOutputStream.open0(Native Method)
	at java.base/java.io.FileOutputStream.open(Unknown Source)
	at java.base/java.io.FileOutputStream.<init>(Unknown Source)
	at java.base/java.io.FileOutputStream.<init>(Unknown Source)
	at java.base/java.io.FileWriter.<init>(Unknown Source)
	at org.jkiss.utils.IOUtils.writeFileFromString(IOUtils.java:204)
	at org.jkiss.dbeaver.registry.LocalProjectImpl.recoverProjectDescription(LocalProjectImpl.java:262)
	at org.jkiss.dbeaver.registry.LocalProjectImpl.ensureOpen(LocalProjectImpl.java:115)
	at org.jkiss.dbeaver.registry.BaseProjectImpl.getDataSourceRegistry(BaseProjectImpl.java:189)
	at org.jkiss.dbeaver.model.navigator.DBNProject.readChildNodes(DBNProject.java:175)
	at org.jkiss.dbeaver.model.navigator.DBNResource.getChildren(DBNResource.java:219)
	at org.jkiss.dbeaver.model.navigator.DBNUtils.getNodeChildrenFiltered(DBNUtils.java:91)
	at org.jkiss.dbeaver.ui.navigator.database.load.TreeLoadService.evaluate(TreeLoadService.java:49)
	at org.jkiss.dbeaver.ui.navigator.database.load.TreeLoadService.evaluate(TreeLoadService.java:1)
	at org.jkiss.dbeaver.ui.LoadingJob.run(LoadingJob.java:89)
	at org.jkiss.dbeaver.ui.LoadingJob.run(LoadingJob.java:73)
	at org.jkiss.dbeaver.model.runtime.AbstractJob.run(AbstractJob.java:114)
	at org.eclipse.core.internal.jobs.Worker.run(Worker.java:63)
2024-03-28 08:38:54.450 - Project 'Teste' is not open.
java.lang.Exception: Project 'Teste' is not open.
	at org.eclipse.core.internal.resources.ResourceException.provideStackTrace(ResourceException.java:42)
	at org.eclipse.core.internal.resources.ResourceException.<init>(ResourceException.java:38)
	at org.eclipse.core.internal.resources.Project.checkAccessible(Project.java:186)
	at org.eclipse.core.internal.resources.Container.members(Container.java:244)
	at org.eclipse.core.internal.resources.Container.members(Container.java:237)
	at org.jkiss.dbeaver.model.navigator.DBNResource.readChildNodes(DBNResource.java:229)
	at org.jkiss.dbeaver.model.navigator.DBNProject.readChildNodes(DBNProject.java:187)
	at org.jkiss.dbeaver.model.navigator.DBNResource.getChildren(DBNResource.java:219)
	at org.jkiss.dbeaver.model.navigator.DBNUtils.getNodeChildrenFiltered(DBNUtils.java:91)
	at org.jkiss.dbeaver.ui.navigator.database.load.TreeLoadService.evaluate(TreeLoadService.java:49)
	at org.jkiss.dbeaver.ui.navigator.database.load.TreeLoadService.evaluate(TreeLoadService.java:1)
	at org.jkiss.dbeaver.ui.LoadingJob.run(LoadingJob.java:89)
	at org.jkiss.dbeaver.ui.LoadingJob.run(LoadingJob.java:73)
	at org.jkiss.dbeaver.model.runtime.AbstractJob.run(AbstractJob.java:114)
	at org.eclipse.core.internal.jobs.Worker.run(Worker.java:63)
2024-03-28 08:38:59.308 - Recovering project 'Teste' metadata C:\Users\emanuel.souza2\Documents\Vilmar\Vacina\Teste\.project
2024-03-28 08:38:59.308 - Error opening project
java.io.FileNotFoundException: C:\Users\emanuel.souza2\Documents\Vilmar\Vacina\Teste\.project (O sistema não pode encontrar o caminho especificado)
	at java.base/java.io.FileOutputStream.open0(Native Method)
	at java.base/java.io.FileOutputStream.open(Unknown Source)
	at java.base/java.io.FileOutputStream.<init>(Unknown Source)
	at java.base/java.io.FileOutputStream.<init>(Unknown Source)
	at java.base/java.io.FileWriter.<init>(Unknown Source)
	at org.jkiss.utils.IOUtils.writeFileFromString(IOUtils.java:204)
	at org.jkiss.dbeaver.registry.LocalProjectImpl.recoverProjectDescription(LocalProjectImpl.java:262)
	at org.jkiss.dbeaver.registry.LocalProjectImpl.ensureOpen(LocalProjectImpl.java:115)
	at org.jkiss.dbeaver.model.navigator.DBNProject.readChildNodes(DBNProject.java:172)
	at org.jkiss.dbeaver.model.navigator.DBNResource.getChildren(DBNResource.java:219)
	at org.jkiss.dbeaver.model.navigator.DBNUtils.getNodeChildrenFiltered(DBNUtils.java:91)
	at org.jkiss.dbeaver.ui.navigator.database.load.TreeLoadService.evaluate(TreeLoadService.java:49)
	at org.jkiss.dbeaver.ui.navigator.database.load.TreeLoadService.evaluate(TreeLoadService.java:1)
	at org.jkiss.dbeaver.ui.LoadingJob.run(LoadingJob.java:89)
	at org.jkiss.dbeaver.ui.LoadingJob.run(LoadingJob.java:73)
	at org.jkiss.dbeaver.model.runtime.AbstractJob.run(AbstractJob.java:114)
	at org.eclipse.core.internal.jobs.Worker.run(Worker.java:63)
2024-03-28 08:38:59.313 - Recovering project 'Teste' metadata C:\Users\emanuel.souza2\Documents\Vilmar\Vacina\Teste\.project
2024-03-28 08:38:59.313 - Error opening project
java.io.FileNotFoundException: C:\Users\emanuel.souza2\Documents\Vilmar\Vacina\Teste\.project (O sistema não pode encontrar o caminho especificado)
	at java.base/java.io.FileOutputStream.open0(Native Method)
	at java.base/java.io.FileOutputStream.open(Unknown Source)
	at java.base/java.io.FileOutputStream.<init>(Unknown Source)
	at java.base/java.io.FileOutputStream.<init>(Unknown Source)
	at java.base/java.io.FileWriter.<init>(Unknown Source)
	at org.jkiss.utils.IOUtils.writeFileFromString(IOUtils.java:204)
	at org.jkiss.dbeaver.registry.LocalProjectImpl.recoverProjectDescription(LocalProjectImpl.java:262)
	at org.jkiss.dbeaver.registry.LocalProjectImpl.ensureOpen(LocalProjectImpl.java:115)
	at org.jkiss.dbeaver.registry.BaseProjectImpl.getDataSourceRegistry(BaseProjectImpl.java:189)
	at org.jkiss.dbeaver.model.navigator.DBNProject.readChildNodes(DBNProject.java:175)
	at org.jkiss.dbeaver.model.navigator.DBNResource.getChildren(DBNResource.java:219)
	at org.jkiss.dbeaver.model.navigator.DBNUtils.getNodeChildrenFiltered(DBNUtils.java:91)
	at org.jkiss.dbeaver.ui.navigator.database.load.TreeLoadService.evaluate(TreeLoadService.java:49)
	at org.jkiss.dbeaver.ui.navigator.database.load.TreeLoadService.evaluate(TreeLoadService.java:1)
	at org.jkiss.dbeaver.ui.LoadingJob.run(LoadingJob.java:89)
	at org.jkiss.dbeaver.ui.LoadingJob.run(LoadingJob.java:73)
	at org.jkiss.dbeaver.model.runtime.AbstractJob.run(AbstractJob.java:114)
	at org.eclipse.core.internal.jobs.Worker.run(Worker.java:63)
2024-03-28 08:38:59.315 - Project 'Teste' is not open.
java.lang.Exception: Project 'Teste' is not open.
	at org.eclipse.core.internal.resources.ResourceException.provideStackTrace(ResourceException.java:42)
	at org.eclipse.core.internal.resources.ResourceException.<init>(ResourceException.java:38)
	at org.eclipse.core.internal.resources.Project.checkAccessible(Project.java:186)
	at org.eclipse.core.internal.resources.Container.members(Container.java:244)
	at org.eclipse.core.internal.resources.Container.members(Container.java:237)
	at org.jkiss.dbeaver.model.navigator.DBNResource.readChildNodes(DBNResource.java:229)
	at org.jkiss.dbeaver.model.navigator.DBNProject.readChildNodes(DBNProject.java:187)
	at org.jkiss.dbeaver.model.navigator.DBNResource.getChildren(DBNResource.java:219)
	at org.jkiss.dbeaver.model.navigator.DBNUtils.getNodeChildrenFiltered(DBNUtils.java:91)
	at org.jkiss.dbeaver.ui.navigator.database.load.TreeLoadService.evaluate(TreeLoadService.java:49)
	at org.jkiss.dbeaver.ui.navigator.database.load.TreeLoadService.evaluate(TreeLoadService.java:1)
	at org.jkiss.dbeaver.ui.LoadingJob.run(LoadingJob.java:89)
	at org.jkiss.dbeaver.ui.LoadingJob.run(LoadingJob.java:73)
	at org.jkiss.dbeaver.model.runtime.AbstractJob.run(AbstractJob.java:114)
	at org.eclipse.core.internal.jobs.Worker.run(Worker.java:63)
2024-03-28 08:39:01.540 - Recovering project 'Teste' metadata C:\Users\emanuel.souza2\Documents\Vilmar\Vacina\Teste\.project
2024-03-28 08:39:01.541 - Error opening project
java.io.FileNotFoundException: C:\Users\emanuel.souza2\Documents\Vilmar\Vacina\Teste\.project (O sistema não pode encontrar o caminho especificado)
	at java.base/java.io.FileOutputStream.open0(Native Method)
	at java.base/java.io.FileOutputStream.open(Unknown Source)
	at java.base/java.io.FileOutputStream.<init>(Unknown Source)
	at java.base/java.io.FileOutputStream.<init>(Unknown Source)
	at java.base/java.io.FileWriter.<init>(Unknown Source)
	at org.jkiss.utils.IOUtils.writeFileFromString(IOUtils.java:204)
	at org.jkiss.dbeaver.registry.LocalProjectImpl.recoverProjectDescription(LocalProjectImpl.java:262)
	at org.jkiss.dbeaver.registry.LocalProjectImpl.ensureOpen(LocalProjectImpl.java:115)
	at org.jkiss.dbeaver.model.navigator.DBNProject.getNodeDescription(DBNProject.java:97)
	at org.jkiss.dbeaver.ui.navigator.database.NavigatorViewBase.onSelectionChange(NavigatorViewBase.java:254)
	at org.jkiss.dbeaver.ui.navigator.database.NavigatorViewBase.lambda$1(NavigatorViewBase.java:119)
	at org.eclipse.jface.viewers.Viewer$1.run(Viewer.java:151)
	at org.eclipse.core.runtime.SafeRunner.run(SafeRunner.java:47)
	at org.eclipse.jface.util.SafeRunnable.run(SafeRunnable.java:174)
	at org.eclipse.jface.viewers.Viewer.fireSelectionChanged(Viewer.java:148)
	at org.eclipse.jface.viewers.StructuredViewer.updateSelection(StructuredViewer.java:2137)
	at org.eclipse.jface.viewers.ColumnViewer.updateSelection(ColumnViewer.java:1060)
	at org.eclipse.jface.viewers.StructuredViewer.handleSelect(StructuredViewer.java:1175)
	at org.eclipse.jface.viewers.StructuredViewer$4.widgetSelected(StructuredViewer.java:1204)
	at org.eclipse.jface.util.OpenStrategy.fireSelectionEvent(OpenStrategy.java:263)
	at org.eclipse.jface.util.OpenStrategy$1.handleEvent(OpenStrategy.java:421)
	at org.eclipse.swt.widgets.EventTable.sendEvent(EventTable.java:89)
	at org.eclipse.swt.widgets.Display.sendEvent(Display.java:4273)
	at org.eclipse.swt.widgets.Widget.sendEvent(Widget.java:1066)
	at org.eclipse.swt.widgets.Display.runDeferredEvents(Display.java:4071)
	at org.eclipse.swt.widgets.Display.readAndDispatch(Display.java:3659)
	at org.eclipse.e4.ui.internal.workbench.swt.PartRenderingEngine$5.run(PartRenderingEngine.java:1155)
	at org.eclipse.core.databinding.observable.Realm.runWithDefault(Realm.java:342)
	at org.eclipse.e4.ui.internal.workbench.swt.PartRenderingEngine.run(PartRenderingEngine.java:1046)
	at org.eclipse.e4.ui.internal.workbench.E4Workbench.createAndRunUI(E4Workbench.java:155)
	at org.eclipse.ui.internal.Workbench.lambda$3(Workbench.java:648)
	at org.eclipse.core.databinding.observable.Realm.runWithDefault(Realm.java:342)
	at org.eclipse.ui.internal.Workbench.createAndRunWorkbench(Workbench.java:555)
	at org.eclipse.ui.PlatformUI.createAndRunWorkbench(PlatformUI.java:173)
	at org.jkiss.dbeaver.ui.app.standalone.DBeaverApplication.start(DBeaverApplication.java:290)
	at org.eclipse.equinox.internal.app.EclipseAppHandle.run(EclipseAppHandle.java:208)
	at org.eclipse.core.runtime.internal.adaptor.EclipseAppLauncher.runApplication(EclipseAppLauncher.java:136)
	at org.eclipse.core.runtime.internal.adaptor.EclipseAppLauncher.start(EclipseAppLauncher.java:104)
	at org.eclipse.core.runtime.adaptor.EclipseStarter.run(EclipseStarter.java:402)
	at org.eclipse.core.runtime.adaptor.EclipseStarter.run(EclipseStarter.java:255)
	at java.base/jdk.internal.reflect.NativeMethodAccessorImpl.invoke0(Native Method)
	at java.base/jdk.internal.reflect.NativeMethodAccessorImpl.invoke(Unknown Source)
	at java.base/jdk.internal.reflect.DelegatingMethodAccessorImpl.invoke(Unknown Source)
	at java.base/java.lang.reflect.Method.invoke(Unknown Source)
	at org.eclipse.equinox.launcher.Main.invokeFramework(Main.java:665)
	at org.eclipse.equinox.launcher.Main.basicRun(Main.java:602)
	at org.eclipse.equinox.launcher.Main.run(Main.java:1486)
2024-03-28 08:39:01.543 - org.eclipse.core.internal.resources.ResourceException: Project 'Teste' is not open.
org.eclipse.core.internal.resources.ResourceException(/Teste)[372]: java.lang.Exception: Project 'Teste' is not open.
	at org.eclipse.core.internal.resources.ResourceException.provideStackTrace(ResourceException.java:42)
	at org.eclipse.core.internal.resources.ResourceException.<init>(ResourceException.java:38)
	at org.eclipse.core.internal.resources.Project.checkAccessible(Project.java:186)
	at org.eclipse.core.internal.resources.Project.getDescription(Project.java:430)
	at org.jkiss.dbeaver.model.navigator.DBNProject.getNodeDescription(DBNProject.java:99)
	at org.jkiss.dbeaver.ui.navigator.database.NavigatorViewBase.onSelectionChange(NavigatorViewBase.java:254)
	at org.jkiss.dbeaver.ui.navigator.database.NavigatorViewBase.lambda$1(NavigatorViewBase.java:119)
	at org.eclipse.jface.viewers.Viewer$1.run(Viewer.java:151)
	at org.eclipse.core.runtime.SafeRunner.run(SafeRunner.java:47)
	at org.eclipse.jface.util.SafeRunnable.run(SafeRunnable.java:174)
	at org.eclipse.jface.viewers.Viewer.fireSelectionChanged(Viewer.java:148)
	at org.eclipse.jface.viewers.StructuredViewer.updateSelection(StructuredViewer.java:2137)
	at org.eclipse.jface.viewers.ColumnViewer.updateSelection(ColumnViewer.java:1060)
	at org.eclipse.jface.viewers.StructuredViewer.handleSelect(StructuredViewer.java:1175)
	at org.eclipse.jface.viewers.StructuredViewer$4.widgetSelected(StructuredViewer.java:1204)
	at org.eclipse.jface.util.OpenStrategy.fireSelectionEvent(OpenStrategy.java:263)
	at org.eclipse.jface.util.OpenStrategy$1.handleEvent(OpenStrategy.java:421)
	at org.eclipse.swt.widgets.EventTable.sendEvent(EventTable.java:89)
	at org.eclipse.swt.widgets.Display.sendEvent(Display.java:4273)
	at org.eclipse.swt.widgets.Widget.sendEvent(Widget.java:1066)
	at org.eclipse.swt.widgets.Display.runDeferredEvents(Display.java:4071)
	at org.eclipse.swt.widgets.Display.readAndDispatch(Display.java:3659)
	at org.eclipse.e4.ui.internal.workbench.swt.PartRenderingEngine$5.run(PartRenderingEngine.java:1155)
	at org.eclipse.core.databinding.observable.Realm.runWithDefault(Realm.java:342)
	at org.eclipse.e4.ui.internal.workbench.swt.PartRenderingEngine.run(PartRenderingEngine.java:1046)
	at org.eclipse.e4.ui.internal.workbench.E4Workbench.createAndRunUI(E4Workbench.java:155)
	at org.eclipse.ui.internal.Workbench.lambda$3(Workbench.java:648)
	at org.eclipse.core.databinding.observable.Realm.runWithDefault(Realm.java:342)
	at org.eclipse.ui.internal.Workbench.createAndRunWorkbench(Workbench.java:555)
	at org.eclipse.ui.PlatformUI.createAndRunWorkbench(PlatformUI.java:173)
	at org.jkiss.dbeaver.ui.app.standalone.DBeaverApplication.start(DBeaverApplication.java:290)
	at org.eclipse.equinox.internal.app.EclipseAppHandle.run(EclipseAppHandle.java:208)
	at org.eclipse.core.runtime.internal.adaptor.EclipseAppLauncher.runApplication(EclipseAppLauncher.java:136)
	at org.eclipse.core.runtime.internal.adaptor.EclipseAppLauncher.start(EclipseAppLauncher.java:104)
	at org.eclipse.core.runtime.adaptor.EclipseStarter.run(EclipseStarter.java:402)
	at org.eclipse.core.runtime.adaptor.EclipseStarter.run(EclipseStarter.java:255)
	at java.base/jdk.internal.reflect.NativeMethodAccessorImpl.invoke0(Native Method)
	at java.base/jdk.internal.reflect.NativeMethodAccessorImpl.invoke(Unknown Source)
	at java.base/jdk.internal.reflect.DelegatingMethodAccessorImpl.invoke(Unknown Source)
	at java.base/java.lang.reflect.Method.invoke(Unknown Source)
	at org.eclipse.equinox.launcher.Main.invokeFramework(Main.java:665)
	at org.eclipse.equinox.launcher.Main.basicRun(Main.java:602)
	at org.eclipse.equinox.launcher.Main.run(Main.java:1486)
2024-03-28 08:39:04.855 - Recovering project 'Teste' metadata C:\Users\emanuel.souza2\Documents\Vilmar\Vacina\Teste\.project
2024-03-28 08:39:04.856 - Error opening project
java.io.FileNotFoundException: C:\Users\emanuel.souza2\Documents\Vilmar\Vacina\Teste\.project (O sistema não pode encontrar o caminho especificado)
	at java.base/java.io.FileOutputStream.open0(Native Method)
	at java.base/java.io.FileOutputStream.open(Unknown Source)
	at java.base/java.io.FileOutputStream.<init>(Unknown Source)
	at java.base/java.io.FileOutputStream.<init>(Unknown Source)
	at java.base/java.io.FileWriter.<init>(Unknown Source)
	at org.jkiss.utils.IOUtils.writeFileFromString(IOUtils.java:204)
	at org.jkiss.dbeaver.registry.LocalProjectImpl.recoverProjectDescription(LocalProjectImpl.java:262)
	at org.jkiss.dbeaver.registry.LocalProjectImpl.ensureOpen(LocalProjectImpl.java:115)
	at org.jkiss.dbeaver.registry.BaseProjectImpl.getDataSourceRegistry(BaseProjectImpl.java:189)
	at org.jkiss.dbeaver.model.navigator.DBNProject.refreshNode(DBNProject.java:218)
	at org.jkiss.dbeaver.ui.navigator.actions.NavigatorHandlerRefresh$1.run(NavigatorHandlerRefresh.java:189)
	at org.jkiss.dbeaver.model.runtime.AbstractJob.run(AbstractJob.java:114)
	at org.eclipse.core.internal.jobs.Worker.run(Worker.java:63)
2024-03-28 08:39:04.862 - Resource 'Teste' doesn't exists on file system
2024-03-28 08:39:04.868 - Recovering project 'Teste' metadata C:\Users\emanuel.souza2\Documents\Vilmar\Vacina\Teste\.project
2024-03-28 08:39:04.869 - Error opening project
java.io.FileNotFoundException: C:\Users\emanuel.souza2\Documents\Vilmar\Vacina\Teste\.project (O sistema não pode encontrar o caminho especificado)
	at java.base/java.io.FileOutputStream.open0(Native Method)
	at java.base/java.io.FileOutputStream.open(Unknown Source)
	at java.base/java.io.FileOutputStream.<init>(Unknown Source)
	at java.base/java.io.FileOutputStream.<init>(Unknown Source)
	at java.base/java.io.FileWriter.<init>(Unknown Source)
	at org.jkiss.utils.IOUtils.writeFileFromString(IOUtils.java:204)
	at org.jkiss.dbeaver.registry.LocalProjectImpl.recoverProjectDescription(LocalProjectImpl.java:262)
	at org.jkiss.dbeaver.registry.LocalProjectImpl.ensureOpen(LocalProjectImpl.java:115)
	at org.jkiss.dbeaver.registry.BaseProjectImpl.getDataSourceRegistry(BaseProjectImpl.java:189)
	at org.jkiss.dbeaver.model.navigator.DBNProject.getLastLoadError(DBNProject.java:144)
	at org.jkiss.dbeaver.ui.navigator.actions.NavigatorHandlerRefresh$1.run(NavigatorHandlerRefresh.java:192)
	at org.jkiss.dbeaver.model.runtime.AbstractJob.run(AbstractJob.java:114)
	at org.eclipse.core.internal.jobs.Worker.run(Worker.java:63)
2024-03-28 08:39:06.066 - Recovering project 'Teste' metadata C:\Users\emanuel.souza2\Documents\Vilmar\Vacina\Teste\.project
2024-03-28 08:39:06.067 - Error opening project
java.io.FileNotFoundException: C:\Users\emanuel.souza2\Documents\Vilmar\Vacina\Teste\.project (O sistema não pode encontrar o caminho especificado)
	at java.base/java.io.FileOutputStream.open0(Native Method)
	at java.base/java.io.FileOutputStream.open(Unknown Source)
	at java.base/java.io.FileOutputStream.<init>(Unknown Source)
	at java.base/java.io.FileOutputStream.<init>(Unknown Source)
	at java.base/java.io.FileWriter.<init>(Unknown Source)
	at org.jkiss.utils.IOUtils.writeFileFromString(IOUtils.java:204)
	at org.jkiss.dbeaver.registry.LocalProjectImpl.recoverProjectDescription(LocalProjectImpl.java:262)
	at org.jkiss.dbeaver.registry.LocalProjectImpl.ensureOpen(LocalProjectImpl.java:115)
	at org.jkiss.dbeaver.model.navigator.DBNProject.readChildNodes(DBNProject.java:172)
	at org.jkiss.dbeaver.model.navigator.DBNResource.getChildren(DBNResource.java:219)
	at org.jkiss.dbeaver.model.navigator.DBNUtils.getNodeChildrenFiltered(DBNUtils.java:91)
	at org.jkiss.dbeaver.ui.navigator.database.load.TreeLoadService.evaluate(TreeLoadService.java:49)
	at org.jkiss.dbeaver.ui.navigator.database.load.TreeLoadService.evaluate(TreeLoadService.java:1)
	at org.jkiss.dbeaver.ui.LoadingJob.run(LoadingJob.java:89)
	at org.jkiss.dbeaver.ui.LoadingJob.run(LoadingJob.java:73)
	at org.jkiss.dbeaver.model.runtime.AbstractJob.run(AbstractJob.java:114)
	at org.eclipse.core.internal.jobs.Worker.run(Worker.java:63)
2024-03-28 08:39:06.072 - Recovering project 'Teste' metadata C:\Users\emanuel.souza2\Documents\Vilmar\Vacina\Teste\.project
2024-03-28 08:39:06.072 - Error opening project
java.io.FileNotFoundException: C:\Users\emanuel.souza2\Documents\Vilmar\Vacina\Teste\.project (O sistema não pode encontrar o caminho especificado)
	at java.base/java.io.FileOutputStream.open0(Native Method)
	at java.base/java.io.FileOutputStream.open(Unknown Source)
	at java.base/java.io.FileOutputStream.<init>(Unknown Source)
	at java.base/java.io.FileOutputStream.<init>(Unknown Source)
	at java.base/java.io.FileWriter.<init>(Unknown Source)
	at org.jkiss.utils.IOUtils.writeFileFromString(IOUtils.java:204)
	at org.jkiss.dbeaver.registry.LocalProjectImpl.recoverProjectDescription(LocalProjectImpl.java:262)
	at org.jkiss.dbeaver.registry.LocalProjectImpl.ensureOpen(LocalProjectImpl.java:115)
	at org.jkiss.dbeaver.registry.BaseProjectImpl.getDataSourceRegistry(BaseProjectImpl.java:189)
	at org.jkiss.dbeaver.model.navigator.DBNProject.readChildNodes(DBNProject.java:175)
	at org.jkiss.dbeaver.model.navigator.DBNResource.getChildren(DBNResource.java:219)
	at org.jkiss.dbeaver.model.navigator.DBNUtils.getNodeChildrenFiltered(DBNUtils.java:91)
	at org.jkiss.dbeaver.ui.navigator.database.load.TreeLoadService.evaluate(TreeLoadService.java:49)
	at org.jkiss.dbeaver.ui.navigator.database.load.TreeLoadService.evaluate(TreeLoadService.java:1)
	at org.jkiss.dbeaver.ui.LoadingJob.run(LoadingJob.java:89)
	at org.jkiss.dbeaver.ui.LoadingJob.run(LoadingJob.java:73)
	at org.jkiss.dbeaver.model.runtime.AbstractJob.run(AbstractJob.java:114)
	at org.eclipse.core.internal.jobs.Worker.run(Worker.java:63)
2024-03-28 08:39:06.075 - Project 'Teste' is not open.
java.lang.Exception: Project 'Teste' is not open.
	at org.eclipse.core.internal.resources.ResourceException.provideStackTrace(ResourceException.java:42)
	at org.eclipse.core.internal.resources.ResourceException.<init>(ResourceException.java:38)
	at org.eclipse.core.internal.resources.Project.checkAccessible(Project.java:186)
	at org.eclipse.core.internal.resources.Container.members(Container.java:244)
	at org.eclipse.core.internal.resources.Container.members(Container.java:237)
	at org.jkiss.dbeaver.model.navigator.DBNResource.readChildNodes(DBNResource.java:229)
	at org.jkiss.dbeaver.model.navigator.DBNProject.readChildNodes(DBNProject.java:187)
	at org.jkiss.dbeaver.model.navigator.DBNResource.getChildren(DBNResource.java:219)
	at org.jkiss.dbeaver.model.navigator.DBNUtils.getNodeChildrenFiltered(DBNUtils.java:91)
	at org.jkiss.dbeaver.ui.navigator.database.load.TreeLoadService.evaluate(TreeLoadService.java:49)
	at org.jkiss.dbeaver.ui.navigator.database.load.TreeLoadService.evaluate(TreeLoadService.java:1)
	at org.jkiss.dbeaver.ui.LoadingJob.run(LoadingJob.java:89)
	at org.jkiss.dbeaver.ui.LoadingJob.run(LoadingJob.java:73)
	at org.jkiss.dbeaver.model.runtime.AbstractJob.run(AbstractJob.java:114)
	at org.eclipse.core.internal.jobs.Worker.run(Worker.java:63)
2024-03-28 08:39:10.838 - Recovering project 'Teste' metadata C:\Users\emanuel.souza2\Documents\Vilmar\Vacina\Teste\.project
2024-03-28 08:39:10.838 - Error opening project
java.io.FileNotFoundException: C:\Users\emanuel.souza2\Documents\Vilmar\Vacina\Teste\.project (O sistema não pode encontrar o caminho especificado)
	at java.base/java.io.FileOutputStream.open0(Native Method)
	at java.base/java.io.FileOutputStream.open(Unknown Source)
	at java.base/java.io.FileOutputStream.<init>(Unknown Source)
	at java.base/java.io.FileOutputStream.<init>(Unknown Source)
	at java.base/java.io.FileWriter.<init>(Unknown Source)
	at org.jkiss.utils.IOUtils.writeFileFromString(IOUtils.java:204)
	at org.jkiss.dbeaver.registry.LocalProjectImpl.recoverProjectDescription(LocalProjectImpl.java:262)
	at org.jkiss.dbeaver.registry.LocalProjectImpl.ensureOpen(LocalProjectImpl.java:115)
	at org.jkiss.dbeaver.model.navigator.DBNProject.readChildNodes(DBNProject.java:172)
	at org.jkiss.dbeaver.model.navigator.DBNResource.getChildren(DBNResource.java:219)
	at org.jkiss.dbeaver.model.navigator.DBNUtils.getNodeChildrenFiltered(DBNUtils.java:91)
	at org.jkiss.dbeaver.ui.navigator.database.load.TreeLoadService.evaluate(TreeLoadService.java:49)
	at org.jkiss.dbeaver.ui.navigator.database.load.TreeLoadService.evaluate(TreeLoadService.java:1)
	at org.jkiss.dbeaver.ui.LoadingJob.run(LoadingJob.java:89)
	at org.jkiss.dbeaver.ui.LoadingJob.run(LoadingJob.java:73)
	at org.jkiss.dbeaver.model.runtime.AbstractJob.run(AbstractJob.java:114)
	at org.eclipse.core.internal.jobs.Worker.run(Worker.java:63)
2024-03-28 08:39:10.844 - Recovering project 'Teste' metadata C:\Users\emanuel.souza2\Documents\Vilmar\Vacina\Teste\.project
2024-03-28 08:39:10.844 - Error opening project
java.io.FileNotFoundException: C:\Users\emanuel.souza2\Documents\Vilmar\Vacina\Teste\.project (O sistema não pode encontrar o caminho especificado)
	at java.base/java.io.FileOutputStream.open0(Native Method)
	at java.base/java.io.FileOutputStream.open(Unknown Source)
	at java.base/java.io.FileOutputStream.<init>(Unknown Source)
	at java.base/java.io.FileOutputStream.<init>(Unknown Source)
	at java.base/java.io.FileWriter.<init>(Unknown Source)
	at org.jkiss.utils.IOUtils.writeFileFromString(IOUtils.java:204)
	at org.jkiss.dbeaver.registry.LocalProjectImpl.recoverProjectDescription(LocalProjectImpl.java:262)
	at org.jkiss.dbeaver.registry.LocalProjectImpl.ensureOpen(LocalProjectImpl.java:115)
	at org.jkiss.dbeaver.registry.BaseProjectImpl.getDataSourceRegistry(BaseProjectImpl.java:189)
	at org.jkiss.dbeaver.model.navigator.DBNProject.readChildNodes(DBNProject.java:175)
	at org.jkiss.dbeaver.model.navigator.DBNResource.getChildren(DBNResource.java:219)
	at org.jkiss.dbeaver.model.navigator.DBNUtils.getNodeChildrenFiltered(DBNUtils.java:91)
	at org.jkiss.dbeaver.ui.navigator.database.load.TreeLoadService.evaluate(TreeLoadService.java:49)
	at org.jkiss.dbeaver.ui.navigator.database.load.TreeLoadService.evaluate(TreeLoadService.java:1)
	at org.jkiss.dbeaver.ui.LoadingJob.run(LoadingJob.java:89)
	at org.jkiss.dbeaver.ui.LoadingJob.run(LoadingJob.java:73)
	at org.jkiss.dbeaver.model.runtime.AbstractJob.run(AbstractJob.java:114)
	at org.eclipse.core.internal.jobs.Worker.run(Worker.java:63)
2024-03-28 08:39:10.847 - Project 'Teste' is not open.
java.lang.Exception: Project 'Teste' is not open.
	at org.eclipse.core.internal.resources.ResourceException.provideStackTrace(ResourceException.java:42)
	at org.eclipse.core.internal.resources.ResourceException.<init>(ResourceException.java:38)
	at org.eclipse.core.internal.resources.Project.checkAccessible(Project.java:186)
	at org.eclipse.core.internal.resources.Container.members(Container.java:244)
	at org.eclipse.core.internal.resources.Container.members(Container.java:237)
	at org.jkiss.dbeaver.model.navigator.DBNResource.readChildNodes(DBNResource.java:229)
	at org.jkiss.dbeaver.model.navigator.DBNProject.readChildNodes(DBNProject.java:187)
	at org.jkiss.dbeaver.model.navigator.DBNResource.getChildren(DBNResource.java:219)
	at org.jkiss.dbeaver.model.navigator.DBNUtils.getNodeChildrenFiltered(DBNUtils.java:91)
	at org.jkiss.dbeaver.ui.navigator.database.load.TreeLoadService.evaluate(TreeLoadService.java:49)
	at org.jkiss.dbeaver.ui.navigator.database.load.TreeLoadService.evaluate(TreeLoadService.java:1)
	at org.jkiss.dbeaver.ui.LoadingJob.run(LoadingJob.java:89)
	at org.jkiss.dbeaver.ui.LoadingJob.run(LoadingJob.java:73)
	at org.jkiss.dbeaver.model.runtime.AbstractJob.run(AbstractJob.java:114)
	at org.eclipse.core.internal.jobs.Worker.run(Worker.java:63)
2024-03-28 08:39:15.516 - Recovering project 'General' metadata C:\Users\emanuel.souza2\Documents\Vilmar\Vacina\General\.project
2024-03-28 08:39:15.516 - Error opening project
java.io.FileNotFoundException: C:\Users\emanuel.souza2\Documents\Vilmar\Vacina\General\.project (O sistema não pode encontrar o caminho especificado)
	at java.base/java.io.FileOutputStream.open0(Native Method)
	at java.base/java.io.FileOutputStream.open(Unknown Source)
	at java.base/java.io.FileOutputStream.<init>(Unknown Source)
	at java.base/java.io.FileOutputStream.<init>(Unknown Source)
	at java.base/java.io.FileWriter.<init>(Unknown Source)
	at org.jkiss.utils.IOUtils.writeFileFromString(IOUtils.java:204)
	at org.jkiss.dbeaver.registry.LocalProjectImpl.recoverProjectDescription(LocalProjectImpl.java:262)
	at org.jkiss.dbeaver.registry.LocalProjectImpl.ensureOpen(LocalProjectImpl.java:115)
	at org.jkiss.dbeaver.model.navigator.DBNProject.readChildNodes(DBNProject.java:172)
	at org.jkiss.dbeaver.model.navigator.DBNResource.getChildren(DBNResource.java:219)
	at org.jkiss.dbeaver.model.navigator.DBNUtils.getNodeChildrenFiltered(DBNUtils.java:91)
	at org.jkiss.dbeaver.ui.navigator.database.load.TreeLoadService.evaluate(TreeLoadService.java:49)
	at org.jkiss.dbeaver.ui.navigator.database.load.TreeLoadService.evaluate(TreeLoadService.java:1)
	at org.jkiss.dbeaver.ui.LoadingJob.run(LoadingJob.java:89)
	at org.jkiss.dbeaver.ui.LoadingJob.run(LoadingJob.java:73)
	at org.jkiss.dbeaver.model.runtime.AbstractJob.run(AbstractJob.java:114)
	at org.eclipse.core.internal.jobs.Worker.run(Worker.java:63)
2024-03-28 08:39:15.521 - Recovering project 'General' metadata C:\Users\emanuel.souza2\Documents\Vilmar\Vacina\General\.project
2024-03-28 08:39:15.521 - Error opening project
java.io.FileNotFoundException: C:\Users\emanuel.souza2\Documents\Vilmar\Vacina\General\.project (O sistema não pode encontrar o caminho especificado)
	at java.base/java.io.FileOutputStream.open0(Native Method)
	at java.base/java.io.FileOutputStream.open(Unknown Source)
	at java.base/java.io.FileOutputStream.<init>(Unknown Source)
	at java.base/java.io.FileOutputStream.<init>(Unknown Source)
	at java.base/java.io.FileWriter.<init>(Unknown Source)
	at org.jkiss.utils.IOUtils.writeFileFromString(IOUtils.java:204)
	at org.jkiss.dbeaver.registry.LocalProjectImpl.recoverProjectDescription(LocalProjectImpl.java:262)
	at org.jkiss.dbeaver.registry.LocalProjectImpl.ensureOpen(LocalProjectImpl.java:115)
	at org.jkiss.dbeaver.registry.BaseProjectImpl.getDataSourceRegistry(BaseProjectImpl.java:189)
	at org.jkiss.dbeaver.model.navigator.DBNProject.readChildNodes(DBNProject.java:175)
	at org.jkiss.dbeaver.model.navigator.DBNResource.getChildren(DBNResource.java:219)
	at org.jkiss.dbeaver.model.navigator.DBNUtils.getNodeChildrenFiltered(DBNUtils.java:91)
	at org.jkiss.dbeaver.ui.navigator.database.load.TreeLoadService.evaluate(TreeLoadService.java:49)
	at org.jkiss.dbeaver.ui.navigator.database.load.TreeLoadService.evaluate(TreeLoadService.java:1)
	at org.jkiss.dbeaver.ui.LoadingJob.run(LoadingJob.java:89)
	at org.jkiss.dbeaver.ui.LoadingJob.run(LoadingJob.java:73)
	at org.jkiss.dbeaver.model.runtime.AbstractJob.run(AbstractJob.java:114)
	at org.eclipse.core.internal.jobs.Worker.run(Worker.java:63)
2024-03-28 08:39:15.524 - Project 'General' is not open.
java.lang.Exception: Project 'General' is not open.
	at org.eclipse.core.internal.resources.ResourceException.provideStackTrace(ResourceException.java:42)
	at org.eclipse.core.internal.resources.ResourceException.<init>(ResourceException.java:38)
	at org.eclipse.core.internal.resources.Project.checkAccessible(Project.java:186)
	at org.eclipse.core.internal.resources.Container.members(Container.java:244)
	at org.eclipse.core.internal.resources.Container.members(Container.java:237)
	at org.jkiss.dbeaver.model.navigator.DBNResource.readChildNodes(DBNResource.java:229)
	at org.jkiss.dbeaver.model.navigator.DBNProject.readChildNodes(DBNProject.java:187)
	at org.jkiss.dbeaver.model.navigator.DBNResource.getChildren(DBNResource.java:219)
	at org.jkiss.dbeaver.model.navigator.DBNUtils.getNodeChildrenFiltered(DBNUtils.java:91)
	at org.jkiss.dbeaver.ui.navigator.database.load.TreeLoadService.evaluate(TreeLoadService.java:49)
	at org.jkiss.dbeaver.ui.navigator.database.load.TreeLoadService.evaluate(TreeLoadService.java:1)
	at org.jkiss.dbeaver.ui.LoadingJob.run(LoadingJob.java:89)
	at org.jkiss.dbeaver.ui.LoadingJob.run(LoadingJob.java:73)
	at org.jkiss.dbeaver.model.runtime.AbstractJob.run(AbstractJob.java:114)
	at org.eclipse.core.internal.jobs.Worker.run(Worker.java:63)
2024-03-28 08:40:02.677 - Recovering project 'Teste' metadata C:\Users\emanuel.souza2\Documents\Vilmar\Vacina\Teste\.project
2024-03-28 08:40:02.678 - Error opening project
java.io.FileNotFoundException: C:\Users\emanuel.souza2\Documents\Vilmar\Vacina\Teste\.project (O sistema não pode encontrar o caminho especificado)
	at java.base/java.io.FileOutputStream.open0(Native Method)
	at java.base/java.io.FileOutputStream.open(Unknown Source)
	at java.base/java.io.FileOutputStream.<init>(Unknown Source)
	at java.base/java.io.FileOutputStream.<init>(Unknown Source)
	at java.base/java.io.FileWriter.<init>(Unknown Source)
	at org.jkiss.utils.IOUtils.writeFileFromString(IOUtils.java:204)
	at org.jkiss.dbeaver.registry.LocalProjectImpl.recoverProjectDescription(LocalProjectImpl.java:262)
	at org.jkiss.dbeaver.registry.LocalProjectImpl.ensureOpen(LocalProjectImpl.java:115)
	at org.jkiss.dbeaver.registry.BaseProjectImpl.getTaskManager(BaseProjectImpl.java:206)
	at org.jkiss.dbeaver.ui.app.standalone.ApplicationWorkbenchAdvisor.cancelRunningTasks(ApplicationWorkbenchAdvisor.java:408)
	at org.jkiss.dbeaver.ui.app.standalone.ApplicationWorkbenchAdvisor.saveAndCleanup(ApplicationWorkbenchAdvisor.java:386)
	at org.jkiss.dbeaver.ui.app.standalone.ApplicationWorkbenchAdvisor.preShutdown(ApplicationWorkbenchAdvisor.java:321)
	at org.eclipse.ui.internal.Workbench.busyClose(Workbench.java:1065)
	at org.eclipse.ui.internal.Workbench.lambda$4(Workbench.java:1418)
	at org.eclipse.swt.custom.BusyIndicator.showWhile(BusyIndicator.java:67)
	at org.eclipse.ui.internal.Workbench.close(Workbench.java:1418)
	at org.eclipse.ui.internal.Workbench.close(Workbench.java:1394)
	at org.eclipse.ui.internal.WorkbenchWindow.busyClose(WorkbenchWindow.java:1718)
	at org.eclipse.ui.internal.WorkbenchWindow.lambda$5(WorkbenchWindow.java:1745)
	at org.eclipse.swt.custom.BusyIndicator.showWhile(BusyIndicator.java:67)
	at org.eclipse.ui.internal.WorkbenchWindow.close(WorkbenchWindow.java:1745)
	at org.eclipse.ui.internal.WorkbenchWindow.close(WorkbenchWindow.java:1754)
	at org.eclipse.ui.internal.WorkbenchWindow.lambda$2(WorkbenchWindow.java:505)
	at org.eclipse.e4.ui.workbench.renderers.swt.WBWRenderer.lambda$4(WBWRenderer.java:570)
	at org.eclipse.swt.events.ShellListener$2.shellClosed(ShellListener.java:102)
	at org.eclipse.swt.widgets.TypedListener.handleEvent(TypedListener.java:102)
	at org.eclipse.swt.widgets.EventTable.sendEvent(EventTable.java:89)
	at org.eclipse.swt.widgets.Display.sendEvent(Display.java:4273)
	at org.eclipse.swt.widgets.Widget.sendEvent(Widget.java:1066)
	at org.eclipse.swt.widgets.Widget.sendEvent(Widget.java:1090)
	at org.eclipse.swt.widgets.Widget.sendEvent(Widget.java:1075)
	at org.eclipse.swt.widgets.Decorations.closeWidget(Decorations.java:269)
	at org.eclipse.swt.widgets.Decorations.WM_CLOSE(Decorations.java:1550)
	at org.eclipse.swt.widgets.Control.windowProc(Control.java:4746)
	at org.eclipse.swt.widgets.Canvas.windowProc(Canvas.java:340)
	at org.eclipse.swt.widgets.Decorations.windowProc(Decorations.java:1478)
	at org.eclipse.swt.widgets.Shell.windowProc(Shell.java:2305)
	at org.eclipse.swt.widgets.Display.windowProc(Display.java:5039)
	at org.eclipse.swt.internal.win32.OS.DefWindowProc(Native Method)
	at org.eclipse.swt.widgets.Shell.callWindowProc(Shell.java:508)
	at org.eclipse.swt.widgets.Control.windowProc(Control.java:4845)
	at org.eclipse.swt.widgets.Canvas.windowProc(Canvas.java:340)
	at org.eclipse.swt.widgets.Decorations.windowProc(Decorations.java:1478)
	at org.eclipse.swt.widgets.Shell.windowProc(Shell.java:2305)
	at org.eclipse.swt.widgets.Display.windowProc(Display.java:5039)
	at org.eclipse.swt.internal.win32.OS.DefWindowProc(Native Method)
	at org.eclipse.swt.widgets.Shell.callWindowProc(Shell.java:508)
	at org.eclipse.swt.widgets.Control.windowProc(Control.java:4845)
	at org.eclipse.swt.widgets.Canvas.windowProc(Canvas.java:340)
	at org.eclipse.swt.widgets.Decorations.windowProc(Decorations.java:1478)
	at org.eclipse.swt.widgets.Shell.windowProc(Shell.java:2305)
	at org.eclipse.swt.widgets.Display.windowProc(Display.java:5039)
	at org.eclipse.swt.internal.win32.OS.DispatchMessage(Native Method)
	at org.eclipse.swt.widgets.Display.readAndDispatch(Display.java:3657)
	at org.eclipse.e4.ui.internal.workbench.swt.PartRenderingEngine$5.run(PartRenderingEngine.java:1155)
	at org.eclipse.core.databinding.observable.Realm.runWithDefault(Realm.java:342)
	at org.eclipse.e4.ui.internal.workbench.swt.PartRenderingEngine.run(PartRenderingEngine.java:1046)
	at org.eclipse.e4.ui.internal.workbench.E4Workbench.createAndRunUI(E4Workbench.java:155)
	at org.eclipse.ui.internal.Workbench.lambda$3(Workbench.java:648)
	at org.eclipse.core.databinding.observable.Realm.runWithDefault(Realm.java:342)
	at org.eclipse.ui.internal.Workbench.createAndRunWorkbench(Workbench.java:555)
	at org.eclipse.ui.PlatformUI.createAndRunWorkbench(PlatformUI.java:173)
	at org.jkiss.dbeaver.ui.app.standalone.DBeaverApplication.start(DBeaverApplication.java:290)
	at org.eclipse.equinox.internal.app.EclipseAppHandle.run(EclipseAppHandle.java:208)
	at org.eclipse.core.runtime.internal.adaptor.EclipseAppLauncher.runApplication(EclipseAppLauncher.java:136)
	at org.eclipse.core.runtime.internal.adaptor.EclipseAppLauncher.start(EclipseAppLauncher.java:104)
	at org.eclipse.core.runtime.adaptor.EclipseStarter.run(EclipseStarter.java:402)
	at org.eclipse.core.runtime.adaptor.EclipseStarter.run(EclipseStarter.java:255)
	at java.base/jdk.internal.reflect.NativeMethodAccessorImpl.invoke0(Native Method)
	at java.base/jdk.internal.reflect.NativeMethodAccessorImpl.invoke(Unknown Source)
	at java.base/jdk.internal.reflect.DelegatingMethodAccessorImpl.invoke(Unknown Source)
	at java.base/java.lang.reflect.Method.invoke(Unknown Source)
	at org.eclipse.equinox.launcher.Main.invokeFramework(Main.java:665)
	at org.eclipse.equinox.launcher.Main.basicRun(Main.java:602)
	at org.eclipse.equinox.launcher.Main.run(Main.java:1486)
2024-03-28 08:40:03.168 - DBeaver is stopping
2024-03-28 08:40:03.172 - Stop instance server
2024-03-28 08:40:04.181 - Instance server has been stopped
2024-03-28 08:40:04.181 - DBeaver shutdown completed
