2024-03-28 07:40:58.482 - DBeaver 23.3.5.202402181738 is starting
2024-03-28 07:40:58.483 - OS: Windows 10 10.0 (amd64)
2024-03-28 07:40:58.484 - Java version: 17.0.6 by Eclipse Adoptium (64bit)
2024-03-28 07:40:58.484 - Install path: 'C:\Program Files\DBeaver'
2024-03-28 07:40:58.484 - Instance path: 'file:/C:/Users/emanuel.souza2/Documents/Vilmar/Vacina/'
2024-03-28 07:40:58.486 - Memory available 64Mb/1024Mb
2024-03-28 07:40:58.495 - Create display
2024-03-28 07:40:58.592 - Initialize desktop platform...
2024-03-28 07:40:58.728 - BounceCastle bundle found. Use JCE provider BC
> Start Core File Systems [org.eclipse.core.filesystem 1.10.200.v20231102-0934]
> Start Core Resource Management [org.eclipse.core.resources 3.20.0.v20231102-0934]
> Start Core de Suporte para Equipe [org.eclipse.team.core 3.10.200.v20231106-1240]
> Start DBeaver UI Navigator [org.jkiss.dbeaver.ui.navigator 1.0.125.202402181738]
2024-03-28 07:40:58.922 - Initialize base platform...
2024-03-28 07:40:58.942 - Platform initialized (350ms)
> Start DBeaver UI Editors - Base [org.jkiss.dbeaver.ui.editors.base 1.0.125.202402181738]
2024-03-28 07:40:58.998 - Starting instance server at http://localhost:54307
2024-03-28 07:40:59.005 - Run workbench
> Start Eclipse e4 Workbench SWT [org.eclipse.e4.ui.workbench.swt 0.17.200.v20231030-2045]
> Start Eclipse Application Services [org.eclipse.e4.core.services 2.4.200.v20231103-2012]
> Start Eclipse UI Application Services [org.eclipse.e4.ui.services 1.6.200.v20231030-2045]
> Start Eclipse e4 Progress View [org.eclipse.e4.ui.progress 0.4.200.v20231030-2045]
> Start Eclipse Bindings Support [org.eclipse.e4.ui.bindings 0.14.200.v20231030-2045]
> Start Eclipse e4 core commands [org.eclipse.e4.core.commands 1.1.200.v20231108-1058]
> Start EMF XML/XMI Persistence [org.eclipse.emf.ecore.xmi 2.36.0.v20231002-1156]
> Start Eclipse CSS SWT Theme Support [org.eclipse.e4.ui.css.swt.theme 0.14.200.v20230913-1724]
> Start Eclipse e4 Workbench Add-ons [org.eclipse.e4.ui.workbench.addons.swt 1.5.200.v20231106-1600]
Warning: NLS unused message: WorkbenchPreference_showMultipleEditorTabsButton in: org.eclipse.ui.internal.messages
Warning: NLS unused message: Workbench_zoomChangedRestart in: org.eclipse.ui.internal.messages
> Start Eclipse e4 Workbench SWT Renderer [org.eclipse.e4.ui.workbench.renderers.swt 0.16.200.v20231030-2045]
> Start Eclipse Dependency Injection Extensions [org.eclipse.e4.core.di.extensions 0.18.100.v20231103-2012]
> Start Eclipse CSS SWT Support [org.eclipse.e4.ui.css.swt 0.15.200.v20231025-0632]
> Start jna [com.sun.jna 5.13.0.v20230812-1000]
Warning: NLS unused message: BlockedJobsDialog_UserInterfaceTreeElement in: org.eclipse.ui.internal.progress.messages
2024-03-28 07:41:00.706 - Configure workbench window
> Start DBeaver SQL Model [org.jkiss.dbeaver.model.sql 1.0.115.202402181738]
2024-03-28 07:41:00.916 - Total database drivers: 112 (112)
> Start Core do Sistema de Ajuda [org.eclipse.help 3.10.200.v20231106-1240]
2024-03-28 07:41:01.024 - Create actions
2024-03-28 07:41:01.033 - Disable Eclipse action set 'org.eclipse.ui.edit.text.actionSet.annotationNavigation'
2024-03-28 07:41:01.034 - Disable Eclipse action set 'org.eclipse.ui.WorkingSetActionSet'
2024-03-28 07:41:01.035 - Disable Eclipse action set 'org.eclipse.ui.actionSet.openFiles'
2024-03-28 07:41:01.447 - Initialize workbench window
2024-03-28 07:41:01.453 - Finish initialization
> Start DBeaver UI Editors - Data [org.jkiss.dbeaver.ui.editors.data 1.0.125.202402181738]
> Start Internet Connection Management UI [org.eclipse.ui.net 1.5.200.v20231106-1240]
> Start Internet Connection Management [org.eclipse.core.net 1.5.200.v20231106-1240]
> Start DBeaver UI Editors - SQL [org.jkiss.dbeaver.ui.editors.sql 1.0.125.202402181738]
> Start DBeaver Sample Database [org.jkiss.dbeaver.ext.sample.database 1.0.162.202402181738]
> Start DBeaver Tip of the day [org.jkiss.dbeaver.ext.ui.tipoftheday 1.0.131.202402181738]
> Start Editor de Texto Padrão [org.eclipse.ui.editors 3.17.100.v20231106-1600]
> Start Workbench [org.eclipse.ui.workbench.texteditor 3.17.200.v20231106-1600]
> Start GEF Classic Draw2d [org.eclipse.draw2d 3.14.100.202311222042]
> Start GEF Classic GEF (MVC) [org.eclipse.gef 3.16.0.202311222042]
> Start DBeaver ERD UI [org.jkiss.dbeaver.erd.ui 3.0.85.202402181738]
> Start DBeaver ERD Model [org.jkiss.dbeaver.erd.model 1.0.85.202402181738]
2024-03-28 07:41:02.532 - Recovering project 'General' metadata C:\Users\emanuel.souza2\Documents\Vilmar\Vacina\General\.project
2024-03-28 07:41:02.533 - Error opening project
java.io.FileNotFoundException: C:\Users\emanuel.souza2\Documents\Vilmar\Vacina\General\.project (O sistema não pode encontrar o caminho especificado)
	at java.base/java.io.FileOutputStream.open0(Native Method)
	at java.base/java.io.FileOutputStream.open(Unknown Source)
	at java.base/java.io.FileOutputStream.<init>(Unknown Source)
	at java.base/java.io.FileOutputStream.<init>(Unknown Source)
	at java.base/java.io.FileWriter.<init>(Unknown Source)
	at org.jkiss.utils.IOUtils.writeFileFromString(IOUtils.java:204)
	at org.jkiss.dbeaver.registry.LocalProjectImpl.recoverProjectDescription(LocalProjectImpl.java:262)
	at org.jkiss.dbeaver.registry.LocalProjectImpl.ensureOpen(LocalProjectImpl.java:115)
	at org.jkiss.dbeaver.model.navigator.DBNProject.readChildNodes(DBNProject.java:172)
	at org.jkiss.dbeaver.model.navigator.DBNResource.getChildren(DBNResource.java:219)
	at org.jkiss.dbeaver.model.navigator.DBNProject.getDatabases(DBNProject.java:66)
	at org.jkiss.dbeaver.model.navigator.DBNModel.ensureProjectLoaded(DBNModel.java:669)
	at org.jkiss.dbeaver.ui.navigator.database.DatabaseBrowserView.getNodeFromSecondaryId(DatabaseBrowserView.java:113)
	at org.jkiss.dbeaver.ui.navigator.database.DatabaseBrowserView.getRootNode(DatabaseBrowserView.java:55)
	at org.jkiss.dbeaver.ui.navigator.database.NavigatorViewBase.lambda$0(NavigatorViewBase.java:109)
	at org.jkiss.dbeaver.ui.UIExecutionQueue.executeInUI(UIExecutionQueue.java:68)
	at org.eclipse.swt.widgets.RunnableLock.run(RunnableLock.java:40)
	at org.eclipse.swt.widgets.Synchronizer.runAsyncMessages(Synchronizer.java:132)
	at org.eclipse.swt.widgets.Display.runAsyncMessages(Display.java:4046)
	at org.eclipse.swt.widgets.Display.readAndDispatch(Display.java:3662)
	at org.eclipse.e4.ui.internal.workbench.swt.PartRenderingEngine$5.run(PartRenderingEngine.java:1155)
	at org.eclipse.core.databinding.observable.Realm.runWithDefault(Realm.java:342)
	at org.eclipse.e4.ui.internal.workbench.swt.PartRenderingEngine.run(PartRenderingEngine.java:1046)
	at org.eclipse.e4.ui.internal.workbench.E4Workbench.createAndRunUI(E4Workbench.java:155)
	at org.eclipse.ui.internal.Workbench.lambda$3(Workbench.java:648)
	at org.eclipse.core.databinding.observable.Realm.runWithDefault(Realm.java:342)
	at org.eclipse.ui.internal.Workbench.createAndRunWorkbench(Workbench.java:555)
	at org.eclipse.ui.PlatformUI.createAndRunWorkbench(PlatformUI.java:173)
	at org.jkiss.dbeaver.ui.app.standalone.DBeaverApplication.start(DBeaverApplication.java:290)
	at org.eclipse.equinox.internal.app.EclipseAppHandle.run(EclipseAppHandle.java:208)
	at org.eclipse.core.runtime.internal.adaptor.EclipseAppLauncher.runApplication(EclipseAppLauncher.java:136)
	at org.eclipse.core.runtime.internal.adaptor.EclipseAppLauncher.start(EclipseAppLauncher.java:104)
	at org.eclipse.core.runtime.adaptor.EclipseStarter.run(EclipseStarter.java:402)
	at org.eclipse.core.runtime.adaptor.EclipseStarter.run(EclipseStarter.java:255)
	at java.base/jdk.internal.reflect.NativeMethodAccessorImpl.invoke0(Native Method)
	at java.base/jdk.internal.reflect.NativeMethodAccessorImpl.invoke(Unknown Source)
	at java.base/jdk.internal.reflect.DelegatingMethodAccessorImpl.invoke(Unknown Source)
	at java.base/java.lang.reflect.Method.invoke(Unknown Source)
	at org.eclipse.equinox.launcher.Main.invokeFramework(Main.java:665)
	at org.eclipse.equinox.launcher.Main.basicRun(Main.java:602)
	at org.eclipse.equinox.launcher.Main.run(Main.java:1486)
2024-03-28 07:41:02.541 - Recovering project 'General' metadata C:\Users\emanuel.souza2\Documents\Vilmar\Vacina\General\.project
2024-03-28 07:41:02.542 - Error opening project
java.io.FileNotFoundException: C:\Users\emanuel.souza2\Documents\Vilmar\Vacina\General\.project (O sistema não pode encontrar o caminho especificado)
	at java.base/java.io.FileOutputStream.open0(Native Method)
	at java.base/java.io.FileOutputStream.open(Unknown Source)
	at java.base/java.io.FileOutputStream.<init>(Unknown Source)
	at java.base/java.io.FileOutputStream.<init>(Unknown Source)
	at java.base/java.io.FileWriter.<init>(Unknown Source)
	at org.jkiss.utils.IOUtils.writeFileFromString(IOUtils.java:204)
	at org.jkiss.dbeaver.registry.LocalProjectImpl.recoverProjectDescription(LocalProjectImpl.java:262)
	at org.jkiss.dbeaver.registry.LocalProjectImpl.ensureOpen(LocalProjectImpl.java:115)
	at org.jkiss.dbeaver.registry.BaseProjectImpl.getDataSourceRegistry(BaseProjectImpl.java:189)
	at org.jkiss.dbeaver.model.navigator.DBNProject.readChildNodes(DBNProject.java:175)
	at org.jkiss.dbeaver.model.navigator.DBNResource.getChildren(DBNResource.java:219)
	at org.jkiss.dbeaver.model.navigator.DBNProject.getDatabases(DBNProject.java:66)
	at org.jkiss.dbeaver.model.navigator.DBNModel.ensureProjectLoaded(DBNModel.java:669)
	at org.jkiss.dbeaver.ui.navigator.database.DatabaseBrowserView.getNodeFromSecondaryId(DatabaseBrowserView.java:113)
	at org.jkiss.dbeaver.ui.navigator.database.DatabaseBrowserView.getRootNode(DatabaseBrowserView.java:55)
	at org.jkiss.dbeaver.ui.navigator.database.NavigatorViewBase.lambda$0(NavigatorViewBase.java:109)
	at org.jkiss.dbeaver.ui.UIExecutionQueue.executeInUI(UIExecutionQueue.java:68)
	at org.eclipse.swt.widgets.RunnableLock.run(RunnableLock.java:40)
	at org.eclipse.swt.widgets.Synchronizer.runAsyncMessages(Synchronizer.java:132)
	at org.eclipse.swt.widgets.Display.runAsyncMessages(Display.java:4046)
	at org.eclipse.swt.widgets.Display.readAndDispatch(Display.java:3662)
	at org.eclipse.e4.ui.internal.workbench.swt.PartRenderingEngine$5.run(PartRenderingEngine.java:1155)
	at org.eclipse.core.databinding.observable.Realm.runWithDefault(Realm.java:342)
	at org.eclipse.e4.ui.internal.workbench.swt.PartRenderingEngine.run(PartRenderingEngine.java:1046)
	at org.eclipse.e4.ui.internal.workbench.E4Workbench.createAndRunUI(E4Workbench.java:155)
	at org.eclipse.ui.internal.Workbench.lambda$3(Workbench.java:648)
	at org.eclipse.core.databinding.observable.Realm.runWithDefault(Realm.java:342)
	at org.eclipse.ui.internal.Workbench.createAndRunWorkbench(Workbench.java:555)
	at org.eclipse.ui.PlatformUI.createAndRunWorkbench(PlatformUI.java:173)
	at org.jkiss.dbeaver.ui.app.standalone.DBeaverApplication.start(DBeaverApplication.java:290)
	at org.eclipse.equinox.internal.app.EclipseAppHandle.run(EclipseAppHandle.java:208)
	at org.eclipse.core.runtime.internal.adaptor.EclipseAppLauncher.runApplication(EclipseAppLauncher.java:136)
	at org.eclipse.core.runtime.internal.adaptor.EclipseAppLauncher.start(EclipseAppLauncher.java:104)
	at org.eclipse.core.runtime.adaptor.EclipseStarter.run(EclipseStarter.java:402)
	at org.eclipse.core.runtime.adaptor.EclipseStarter.run(EclipseStarter.java:255)
	at java.base/jdk.internal.reflect.NativeMethodAccessorImpl.invoke0(Native Method)
	at java.base/jdk.internal.reflect.NativeMethodAccessorImpl.invoke(Unknown Source)
	at java.base/jdk.internal.reflect.DelegatingMethodAccessorImpl.invoke(Unknown Source)
	at java.base/java.lang.reflect.Method.invoke(Unknown Source)
	at org.eclipse.equinox.launcher.Main.invokeFramework(Main.java:665)
	at org.eclipse.equinox.launcher.Main.basicRun(Main.java:602)
	at org.eclipse.equinox.launcher.Main.run(Main.java:1486)
2024-03-28 07:41:02.553 - Event loop exception
java.lang.IllegalStateException: Can't read project contents
	at org.jkiss.dbeaver.model.navigator.DBNProject.getDatabases(DBNProject.java:72)
	at org.jkiss.dbeaver.model.navigator.DBNModel.ensureProjectLoaded(DBNModel.java:669)
	at org.jkiss.dbeaver.ui.navigator.database.DatabaseBrowserView.getNodeFromSecondaryId(DatabaseBrowserView.java:113)
	at org.jkiss.dbeaver.ui.navigator.database.DatabaseBrowserView.getRootNode(DatabaseBrowserView.java:55)
	at org.jkiss.dbeaver.ui.navigator.database.NavigatorViewBase.lambda$0(NavigatorViewBase.java:109)
	at org.jkiss.dbeaver.ui.UIExecutionQueue.executeInUI(UIExecutionQueue.java:68)
	at org.eclipse.swt.widgets.RunnableLock.run(RunnableLock.java:40)
	at org.eclipse.swt.widgets.Synchronizer.runAsyncMessages(Synchronizer.java:132)
	at org.eclipse.swt.widgets.Display.runAsyncMessages(Display.java:4046)
	at org.eclipse.swt.widgets.Display.readAndDispatch(Display.java:3662)
	at org.eclipse.e4.ui.internal.workbench.swt.PartRenderingEngine$5.run(PartRenderingEngine.java:1155)
	at org.eclipse.core.databinding.observable.Realm.runWithDefault(Realm.java:342)
	at org.eclipse.e4.ui.internal.workbench.swt.PartRenderingEngine.run(PartRenderingEngine.java:1046)
	at org.eclipse.e4.ui.internal.workbench.E4Workbench.createAndRunUI(E4Workbench.java:155)
	at org.eclipse.ui.internal.Workbench.lambda$3(Workbench.java:648)
	at org.eclipse.core.databinding.observable.Realm.runWithDefault(Realm.java:342)
	at org.eclipse.ui.internal.Workbench.createAndRunWorkbench(Workbench.java:555)
	at org.eclipse.ui.PlatformUI.createAndRunWorkbench(PlatformUI.java:173)
	at org.jkiss.dbeaver.ui.app.standalone.DBeaverApplication.start(DBeaverApplication.java:290)
	at org.eclipse.equinox.internal.app.EclipseAppHandle.run(EclipseAppHandle.java:208)
	at org.eclipse.core.runtime.internal.adaptor.EclipseAppLauncher.runApplication(EclipseAppLauncher.java:136)
	at org.eclipse.core.runtime.internal.adaptor.EclipseAppLauncher.start(EclipseAppLauncher.java:104)
	at org.eclipse.core.runtime.adaptor.EclipseStarter.run(EclipseStarter.java:402)
	at org.eclipse.core.runtime.adaptor.EclipseStarter.run(EclipseStarter.java:255)
	at java.base/jdk.internal.reflect.NativeMethodAccessorImpl.invoke0(Native Method)
	at java.base/jdk.internal.reflect.NativeMethodAccessorImpl.invoke(Unknown Source)
	at java.base/jdk.internal.reflect.DelegatingMethodAccessorImpl.invoke(Unknown Source)
	at java.base/java.lang.reflect.Method.invoke(Unknown Source)
	at org.eclipse.equinox.launcher.Main.invokeFramework(Main.java:665)
	at org.eclipse.equinox.launcher.Main.basicRun(Main.java:602)
	at org.eclipse.equinox.launcher.Main.run(Main.java:1486)
Caused by: org.jkiss.dbeaver.DBException: Can't read container's members
	at org.jkiss.dbeaver.model.navigator.DBNResource.readChildNodes(DBNResource.java:239)
	at org.jkiss.dbeaver.model.navigator.DBNProject.readChildNodes(DBNProject.java:187)
	at org.jkiss.dbeaver.model.navigator.DBNResource.getChildren(DBNResource.java:219)
	at org.jkiss.dbeaver.model.navigator.DBNProject.getDatabases(DBNProject.java:66)
	... 30 more
Caused by: org.eclipse.core.internal.resources.ResourceException: Project 'General' is not open.
	at org.eclipse.core.internal.resources.Project.checkAccessible(Project.java:186)
	at org.eclipse.core.internal.resources.Container.members(Container.java:244)
	at org.eclipse.core.internal.resources.Container.members(Container.java:237)
	at org.jkiss.dbeaver.model.navigator.DBNResource.readChildNodes(DBNResource.java:229)
	... 33 more
Caused by: java.lang.Exception: Project 'General' is not open.
	at org.eclipse.core.internal.resources.ResourceException.provideStackTrace(ResourceException.java:42)
	at org.eclipse.core.internal.resources.ResourceException.<init>(ResourceException.java:38)
	... 37 more
2024-03-28 07:41:02.567 - Recovering project 'General' metadata C:\Users\emanuel.souza2\Documents\Vilmar\Vacina\General\.project
2024-03-28 07:41:02.568 - Error opening project
java.io.FileNotFoundException: C:\Users\emanuel.souza2\Documents\Vilmar\Vacina\General\.project (O sistema não pode encontrar o caminho especificado)
	at java.base/java.io.FileOutputStream.open0(Native Method)
	at java.base/java.io.FileOutputStream.open(Unknown Source)
	at java.base/java.io.FileOutputStream.<init>(Unknown Source)
	at java.base/java.io.FileOutputStream.<init>(Unknown Source)
	at java.base/java.io.FileWriter.<init>(Unknown Source)
	at org.jkiss.utils.IOUtils.writeFileFromString(IOUtils.java:204)
	at org.jkiss.dbeaver.registry.LocalProjectImpl.recoverProjectDescription(LocalProjectImpl.java:262)
	at org.jkiss.dbeaver.registry.LocalProjectImpl.ensureOpen(LocalProjectImpl.java:115)
	at org.jkiss.dbeaver.model.navigator.DBNProject.readChildNodes(DBNProject.java:172)
	at org.jkiss.dbeaver.model.navigator.DBNResource.getChildren(DBNResource.java:219)
	at org.jkiss.dbeaver.model.navigator.DBNProject.getDatabases(DBNProject.java:66)
	at org.jkiss.dbeaver.model.navigator.DBNModel.ensureProjectLoaded(DBNModel.java:669)
	at org.jkiss.dbeaver.ui.navigator.database.DatabaseBrowserView.getNodeFromSecondaryId(DatabaseBrowserView.java:113)
	at org.jkiss.dbeaver.ui.navigator.database.DatabaseBrowserView.lambda$0(DatabaseBrowserView.java:77)
	at org.jkiss.dbeaver.ui.UIExecutionQueue.executeInUI(UIExecutionQueue.java:68)
	at org.eclipse.swt.widgets.RunnableLock.run(RunnableLock.java:40)
	at org.eclipse.swt.widgets.Synchronizer.runAsyncMessages(Synchronizer.java:132)
	at org.eclipse.swt.widgets.Display.runAsyncMessages(Display.java:4046)
	at org.eclipse.swt.widgets.Display.readAndDispatch(Display.java:3662)
	at org.eclipse.e4.ui.internal.workbench.swt.PartRenderingEngine$5.run(PartRenderingEngine.java:1155)
	at org.eclipse.core.databinding.observable.Realm.runWithDefault(Realm.java:342)
	at org.eclipse.e4.ui.internal.workbench.swt.PartRenderingEngine.run(PartRenderingEngine.java:1046)
	at org.eclipse.e4.ui.internal.workbench.E4Workbench.createAndRunUI(E4Workbench.java:155)
	at org.eclipse.ui.internal.Workbench.lambda$3(Workbench.java:648)
	at org.eclipse.core.databinding.observable.Realm.runWithDefault(Realm.java:342)
	at org.eclipse.ui.internal.Workbench.createAndRunWorkbench(Workbench.java:555)
	at org.eclipse.ui.PlatformUI.createAndRunWorkbench(PlatformUI.java:173)
	at org.jkiss.dbeaver.ui.app.standalone.DBeaverApplication.start(DBeaverApplication.java:290)
	at org.eclipse.equinox.internal.app.EclipseAppHandle.run(EclipseAppHandle.java:208)
	at org.eclipse.core.runtime.internal.adaptor.EclipseAppLauncher.runApplication(EclipseAppLauncher.java:136)
	at org.eclipse.core.runtime.internal.adaptor.EclipseAppLauncher.start(EclipseAppLauncher.java:104)
	at org.eclipse.core.runtime.adaptor.EclipseStarter.run(EclipseStarter.java:402)
	at org.eclipse.core.runtime.adaptor.EclipseStarter.run(EclipseStarter.java:255)
	at java.base/jdk.internal.reflect.NativeMethodAccessorImpl.invoke0(Native Method)
	at java.base/jdk.internal.reflect.NativeMethodAccessorImpl.invoke(Unknown Source)
	at java.base/jdk.internal.reflect.DelegatingMethodAccessorImpl.invoke(Unknown Source)
	at java.base/java.lang.reflect.Method.invoke(Unknown Source)
	at org.eclipse.equinox.launcher.Main.invokeFramework(Main.java:665)
	at org.eclipse.equinox.launcher.Main.basicRun(Main.java:602)
	at org.eclipse.equinox.launcher.Main.run(Main.java:1486)
2024-03-28 07:41:02.577 - Recovering project 'General' metadata C:\Users\emanuel.souza2\Documents\Vilmar\Vacina\General\.project
2024-03-28 07:41:02.578 - Error opening project
java.io.FileNotFoundException: C:\Users\emanuel.souza2\Documents\Vilmar\Vacina\General\.project (O sistema não pode encontrar o caminho especificado)
	at java.base/java.io.FileOutputStream.open0(Native Method)
	at java.base/java.io.FileOutputStream.open(Unknown Source)
	at java.base/java.io.FileOutputStream.<init>(Unknown Source)
	at java.base/java.io.FileOutputStream.<init>(Unknown Source)
	at java.base/java.io.FileWriter.<init>(Unknown Source)
	at org.jkiss.utils.IOUtils.writeFileFromString(IOUtils.java:204)
	at org.jkiss.dbeaver.registry.LocalProjectImpl.recoverProjectDescription(LocalProjectImpl.java:262)
	at org.jkiss.dbeaver.registry.LocalProjectImpl.ensureOpen(LocalProjectImpl.java:115)
	at org.jkiss.dbeaver.registry.BaseProjectImpl.getDataSourceRegistry(BaseProjectImpl.java:189)
	at org.jkiss.dbeaver.model.navigator.DBNProject.readChildNodes(DBNProject.java:175)
	at org.jkiss.dbeaver.model.navigator.DBNResource.getChildren(DBNResource.java:219)
	at org.jkiss.dbeaver.model.navigator.DBNProject.getDatabases(DBNProject.java:66)
	at org.jkiss.dbeaver.model.navigator.DBNModel.ensureProjectLoaded(DBNModel.java:669)
	at org.jkiss.dbeaver.ui.navigator.database.DatabaseBrowserView.getNodeFromSecondaryId(DatabaseBrowserView.java:113)
	at org.jkiss.dbeaver.ui.navigator.database.DatabaseBrowserView.lambda$0(DatabaseBrowserView.java:77)
	at org.jkiss.dbeaver.ui.UIExecutionQueue.executeInUI(UIExecutionQueue.java:68)
	at org.eclipse.swt.widgets.RunnableLock.run(RunnableLock.java:40)
	at org.eclipse.swt.widgets.Synchronizer.runAsyncMessages(Synchronizer.java:132)
	at org.eclipse.swt.widgets.Display.runAsyncMessages(Display.java:4046)
	at org.eclipse.swt.widgets.Display.readAndDispatch(Display.java:3662)
	at org.eclipse.e4.ui.internal.workbench.swt.PartRenderingEngine$5.run(PartRenderingEngine.java:1155)
	at org.eclipse.core.databinding.observable.Realm.runWithDefault(Realm.java:342)
	at org.eclipse.e4.ui.internal.workbench.swt.PartRenderingEngine.run(PartRenderingEngine.java:1046)
	at org.eclipse.e4.ui.internal.workbench.E4Workbench.createAndRunUI(E4Workbench.java:155)
	at org.eclipse.ui.internal.Workbench.lambda$3(Workbench.java:648)
	at org.eclipse.core.databinding.observable.Realm.runWithDefault(Realm.java:342)
	at org.eclipse.ui.internal.Workbench.createAndRunWorkbench(Workbench.java:555)
	at org.eclipse.ui.PlatformUI.createAndRunWorkbench(PlatformUI.java:173)
	at org.jkiss.dbeaver.ui.app.standalone.DBeaverApplication.start(DBeaverApplication.java:290)
	at org.eclipse.equinox.internal.app.EclipseAppHandle.run(EclipseAppHandle.java:208)
	at org.eclipse.core.runtime.internal.adaptor.EclipseAppLauncher.runApplication(EclipseAppLauncher.java:136)
	at org.eclipse.core.runtime.internal.adaptor.EclipseAppLauncher.start(EclipseAppLauncher.java:104)
	at org.eclipse.core.runtime.adaptor.EclipseStarter.run(EclipseStarter.java:402)
	at org.eclipse.core.runtime.adaptor.EclipseStarter.run(EclipseStarter.java:255)
	at java.base/jdk.internal.reflect.NativeMethodAccessorImpl.invoke0(Native Method)
	at java.base/jdk.internal.reflect.NativeMethodAccessorImpl.invoke(Unknown Source)
	at java.base/jdk.internal.reflect.DelegatingMethodAccessorImpl.invoke(Unknown Source)
	at java.base/java.lang.reflect.Method.invoke(Unknown Source)
	at org.eclipse.equinox.launcher.Main.invokeFramework(Main.java:665)
	at org.eclipse.equinox.launcher.Main.basicRun(Main.java:602)
	at org.eclipse.equinox.launcher.Main.run(Main.java:1486)
2024-03-28 07:41:02.581 - Event loop exception
java.lang.IllegalStateException: Can't read project contents
	at org.jkiss.dbeaver.model.navigator.DBNProject.getDatabases(DBNProject.java:72)
	at org.jkiss.dbeaver.model.navigator.DBNModel.ensureProjectLoaded(DBNModel.java:669)
	at org.jkiss.dbeaver.ui.navigator.database.DatabaseBrowserView.getNodeFromSecondaryId(DatabaseBrowserView.java:113)
	at org.jkiss.dbeaver.ui.navigator.database.DatabaseBrowserView.lambda$0(DatabaseBrowserView.java:77)
	at org.jkiss.dbeaver.ui.UIExecutionQueue.executeInUI(UIExecutionQueue.java:68)
	at org.eclipse.swt.widgets.RunnableLock.run(RunnableLock.java:40)
	at org.eclipse.swt.widgets.Synchronizer.runAsyncMessages(Synchronizer.java:132)
	at org.eclipse.swt.widgets.Display.runAsyncMessages(Display.java:4046)
	at org.eclipse.swt.widgets.Display.readAndDispatch(Display.java:3662)
	at org.eclipse.e4.ui.internal.workbench.swt.PartRenderingEngine$5.run(PartRenderingEngine.java:1155)
	at org.eclipse.core.databinding.observable.Realm.runWithDefault(Realm.java:342)
	at org.eclipse.e4.ui.internal.workbench.swt.PartRenderingEngine.run(PartRenderingEngine.java:1046)
	at org.eclipse.e4.ui.internal.workbench.E4Workbench.createAndRunUI(E4Workbench.java:155)
	at org.eclipse.ui.internal.Workbench.lambda$3(Workbench.java:648)
	at org.eclipse.core.databinding.observable.Realm.runWithDefault(Realm.java:342)
	at org.eclipse.ui.internal.Workbench.createAndRunWorkbench(Workbench.java:555)
	at org.eclipse.ui.PlatformUI.createAndRunWorkbench(PlatformUI.java:173)
	at org.jkiss.dbeaver.ui.app.standalone.DBeaverApplication.start(DBeaverApplication.java:290)
	at org.eclipse.equinox.internal.app.EclipseAppHandle.run(EclipseAppHandle.java:208)
	at org.eclipse.core.runtime.internal.adaptor.EclipseAppLauncher.runApplication(EclipseAppLauncher.java:136)
	at org.eclipse.core.runtime.internal.adaptor.EclipseAppLauncher.start(EclipseAppLauncher.java:104)
	at org.eclipse.core.runtime.adaptor.EclipseStarter.run(EclipseStarter.java:402)
	at org.eclipse.core.runtime.adaptor.EclipseStarter.run(EclipseStarter.java:255)
	at java.base/jdk.internal.reflect.NativeMethodAccessorImpl.invoke0(Native Method)
	at java.base/jdk.internal.reflect.NativeMethodAccessorImpl.invoke(Unknown Source)
	at java.base/jdk.internal.reflect.DelegatingMethodAccessorImpl.invoke(Unknown Source)
	at java.base/java.lang.reflect.Method.invoke(Unknown Source)
	at org.eclipse.equinox.launcher.Main.invokeFramework(Main.java:665)
	at org.eclipse.equinox.launcher.Main.basicRun(Main.java:602)
	at org.eclipse.equinox.launcher.Main.run(Main.java:1486)
Caused by: org.jkiss.dbeaver.DBException: Can't read container's members
	at org.jkiss.dbeaver.model.navigator.DBNResource.readChildNodes(DBNResource.java:239)
	at org.jkiss.dbeaver.model.navigator.DBNProject.readChildNodes(DBNProject.java:187)
	at org.jkiss.dbeaver.model.navigator.DBNResource.getChildren(DBNResource.java:219)
	at org.jkiss.dbeaver.model.navigator.DBNProject.getDatabases(DBNProject.java:66)
	... 29 more
Caused by: org.eclipse.core.internal.resources.ResourceException: Project 'General' is not open.
	at org.eclipse.core.internal.resources.Project.checkAccessible(Project.java:186)
	at org.eclipse.core.internal.resources.Container.members(Container.java:244)
	at org.eclipse.core.internal.resources.Container.members(Container.java:237)
	at org.jkiss.dbeaver.model.navigator.DBNResource.readChildNodes(DBNResource.java:229)
	... 32 more
Caused by: java.lang.Exception: Project 'General' is not open.
	at org.eclipse.core.internal.resources.ResourceException.provideStackTrace(ResourceException.java:42)
	at org.eclipse.core.internal.resources.ResourceException.<init>(ResourceException.java:38)
	... 36 more
> Start DBeaver UI Editors - Connections [org.jkiss.dbeaver.ui.editors.connection 1.0.116.202402181738]
2024-03-28 07:41:05.420 - Connect with 'localhost' (mysql8-18e84a5570e-34c9d36c318beea0)
> Start DBeaver JDBC Model [org.jkiss.dbeaver.model.jdbc 1.0.18.202402181738]
> Start DBeaver MySQL Support [org.jkiss.dbeaver.ext.mysql 2.1.210.202402181738]
2024-03-28 07:41:05.451 - Execution context opened (localhost; Main; 0)
> Start DBeaver GIS Support [org.jkiss.dbeaver.data.gis 1.0.149.202402181738]
2024-03-28 07:41:05.676 - Execution context opened (localhost; Metadata; 1)
2024-03-28 07:41:05.740 - Connected (mysql8-18e84a5570e-34c9d36c318beea0, MySQL Connector/J [mysql-connector-j-8.2.0 (Revision: 06a1f724497fd81c6a659131fda822c9e5085b6c)])
Warning: NLS unused message: FileDescription_NewFileProgress in: org.eclipse.ui.internal.ide.undo.messages
Warning: NLS unused message: FileDescription_ContentsCouldNotBeRestored in: org.eclipse.ui.internal.ide.undo.messages
Warning: NLS unused message: FolderDescription_NewFolderProgress in: org.eclipse.ui.internal.ide.undo.messages
Warning: NLS unused message: FolderDescription_SavingUndoInfoProgress in: org.eclipse.ui.internal.ide.undo.messages
2024-03-28 07:43:16.195 - Recovering project 'General' metadata C:\Users\emanuel.souza2\Documents\Vilmar\Vacina\General\.project
2024-03-28 07:43:16.196 - Error opening project
java.io.FileNotFoundException: C:\Users\emanuel.souza2\Documents\Vilmar\Vacina\General\.project (O sistema não pode encontrar o caminho especificado)
	at java.base/java.io.FileOutputStream.open0(Native Method)
	at java.base/java.io.FileOutputStream.open(Unknown Source)
	at java.base/java.io.FileOutputStream.<init>(Unknown Source)
	at java.base/java.io.FileOutputStream.<init>(Unknown Source)
	at java.base/java.io.FileWriter.<init>(Unknown Source)
	at org.jkiss.utils.IOUtils.writeFileFromString(IOUtils.java:204)
	at org.jkiss.dbeaver.registry.LocalProjectImpl.recoverProjectDescription(LocalProjectImpl.java:262)
	at org.jkiss.dbeaver.registry.LocalProjectImpl.ensureOpen(LocalProjectImpl.java:115)
	at org.jkiss.dbeaver.model.navigator.DBNProject.readChildNodes(DBNProject.java:172)
	at org.jkiss.dbeaver.model.navigator.DBNResource.getChildren(DBNResource.java:219)
	at org.jkiss.dbeaver.model.navigator.DBNUtils.getNodeChildrenFiltered(DBNUtils.java:91)
	at org.jkiss.dbeaver.ui.navigator.database.load.TreeLoadService.evaluate(TreeLoadService.java:49)
	at org.jkiss.dbeaver.ui.navigator.database.load.TreeLoadService.evaluate(TreeLoadService.java:1)
	at org.jkiss.dbeaver.ui.LoadingJob.run(LoadingJob.java:89)
	at org.jkiss.dbeaver.ui.LoadingJob.run(LoadingJob.java:73)
	at org.jkiss.dbeaver.model.runtime.AbstractJob.run(AbstractJob.java:114)
	at org.eclipse.core.internal.jobs.Worker.run(Worker.java:63)
2024-03-28 07:43:16.201 - Recovering project 'General' metadata C:\Users\emanuel.souza2\Documents\Vilmar\Vacina\General\.project
2024-03-28 07:43:16.201 - Error opening project
java.io.FileNotFoundException: C:\Users\emanuel.souza2\Documents\Vilmar\Vacina\General\.project (O sistema não pode encontrar o caminho especificado)
	at java.base/java.io.FileOutputStream.open0(Native Method)
	at java.base/java.io.FileOutputStream.open(Unknown Source)
	at java.base/java.io.FileOutputStream.<init>(Unknown Source)
	at java.base/java.io.FileOutputStream.<init>(Unknown Source)
	at java.base/java.io.FileWriter.<init>(Unknown Source)
	at org.jkiss.utils.IOUtils.writeFileFromString(IOUtils.java:204)
	at org.jkiss.dbeaver.registry.LocalProjectImpl.recoverProjectDescription(LocalProjectImpl.java:262)
	at org.jkiss.dbeaver.registry.LocalProjectImpl.ensureOpen(LocalProjectImpl.java:115)
	at org.jkiss.dbeaver.registry.BaseProjectImpl.getDataSourceRegistry(BaseProjectImpl.java:189)
	at org.jkiss.dbeaver.model.navigator.DBNProject.readChildNodes(DBNProject.java:175)
	at org.jkiss.dbeaver.model.navigator.DBNResource.getChildren(DBNResource.java:219)
	at org.jkiss.dbeaver.model.navigator.DBNUtils.getNodeChildrenFiltered(DBNUtils.java:91)
	at org.jkiss.dbeaver.ui.navigator.database.load.TreeLoadService.evaluate(TreeLoadService.java:49)
	at org.jkiss.dbeaver.ui.navigator.database.load.TreeLoadService.evaluate(TreeLoadService.java:1)
	at org.jkiss.dbeaver.ui.LoadingJob.run(LoadingJob.java:89)
	at org.jkiss.dbeaver.ui.LoadingJob.run(LoadingJob.java:73)
	at org.jkiss.dbeaver.model.runtime.AbstractJob.run(AbstractJob.java:114)
	at org.eclipse.core.internal.jobs.Worker.run(Worker.java:63)
2024-03-28 07:43:16.204 - Project 'General' is not open.
java.lang.Exception: Project 'General' is not open.
	at org.eclipse.core.internal.resources.ResourceException.provideStackTrace(ResourceException.java:42)
	at org.eclipse.core.internal.resources.ResourceException.<init>(ResourceException.java:38)
	at org.eclipse.core.internal.resources.Project.checkAccessible(Project.java:186)
	at org.eclipse.core.internal.resources.Container.members(Container.java:244)
	at org.eclipse.core.internal.resources.Container.members(Container.java:237)
	at org.jkiss.dbeaver.model.navigator.DBNResource.readChildNodes(DBNResource.java:229)
	at org.jkiss.dbeaver.model.navigator.DBNProject.readChildNodes(DBNProject.java:187)
	at org.jkiss.dbeaver.model.navigator.DBNResource.getChildren(DBNResource.java:219)
	at org.jkiss.dbeaver.model.navigator.DBNUtils.getNodeChildrenFiltered(DBNUtils.java:91)
	at org.jkiss.dbeaver.ui.navigator.database.load.TreeLoadService.evaluate(TreeLoadService.java:49)
	at org.jkiss.dbeaver.ui.navigator.database.load.TreeLoadService.evaluate(TreeLoadService.java:1)
	at org.jkiss.dbeaver.ui.LoadingJob.run(LoadingJob.java:89)
	at org.jkiss.dbeaver.ui.LoadingJob.run(LoadingJob.java:73)
	at org.jkiss.dbeaver.model.runtime.AbstractJob.run(AbstractJob.java:114)
	at org.eclipse.core.internal.jobs.Worker.run(Worker.java:63)
2024-03-28 07:43:36.416 - Recovering project 'General' metadata C:\Users\emanuel.souza2\Documents\Vilmar\Vacina\General\.project
2024-03-28 07:43:36.416 - Error opening project
java.io.FileNotFoundException: C:\Users\emanuel.souza2\Documents\Vilmar\Vacina\General\.project (O sistema não pode encontrar o caminho especificado)
	at java.base/java.io.FileOutputStream.open0(Native Method)
	at java.base/java.io.FileOutputStream.open(Unknown Source)
	at java.base/java.io.FileOutputStream.<init>(Unknown Source)
	at java.base/java.io.FileOutputStream.<init>(Unknown Source)
	at java.base/java.io.FileWriter.<init>(Unknown Source)
	at org.jkiss.utils.IOUtils.writeFileFromString(IOUtils.java:204)
	at org.jkiss.dbeaver.registry.LocalProjectImpl.recoverProjectDescription(LocalProjectImpl.java:262)
	at org.jkiss.dbeaver.registry.LocalProjectImpl.ensureOpen(LocalProjectImpl.java:115)
	at org.jkiss.dbeaver.model.navigator.DBNProject.readChildNodes(DBNProject.java:172)
	at org.jkiss.dbeaver.model.navigator.DBNResource.getChildren(DBNResource.java:219)
	at org.jkiss.dbeaver.model.navigator.DBNUtils.getNodeChildrenFiltered(DBNUtils.java:91)
	at org.jkiss.dbeaver.ui.navigator.database.load.TreeLoadService.evaluate(TreeLoadService.java:49)
	at org.jkiss.dbeaver.ui.navigator.database.load.TreeLoadService.evaluate(TreeLoadService.java:1)
	at org.jkiss.dbeaver.ui.LoadingJob.run(LoadingJob.java:89)
	at org.jkiss.dbeaver.ui.LoadingJob.run(LoadingJob.java:73)
	at org.jkiss.dbeaver.model.runtime.AbstractJob.run(AbstractJob.java:114)
	at org.eclipse.core.internal.jobs.Worker.run(Worker.java:63)
2024-03-28 07:43:36.421 - Recovering project 'General' metadata C:\Users\emanuel.souza2\Documents\Vilmar\Vacina\General\.project
2024-03-28 07:43:36.421 - Error opening project
java.io.FileNotFoundException: C:\Users\emanuel.souza2\Documents\Vilmar\Vacina\General\.project (O sistema não pode encontrar o caminho especificado)
	at java.base/java.io.FileOutputStream.open0(Native Method)
	at java.base/java.io.FileOutputStream.open(Unknown Source)
	at java.base/java.io.FileOutputStream.<init>(Unknown Source)
	at java.base/java.io.FileOutputStream.<init>(Unknown Source)
	at java.base/java.io.FileWriter.<init>(Unknown Source)
	at org.jkiss.utils.IOUtils.writeFileFromString(IOUtils.java:204)
	at org.jkiss.dbeaver.registry.LocalProjectImpl.recoverProjectDescription(LocalProjectImpl.java:262)
	at org.jkiss.dbeaver.registry.LocalProjectImpl.ensureOpen(LocalProjectImpl.java:115)
	at org.jkiss.dbeaver.registry.BaseProjectImpl.getDataSourceRegistry(BaseProjectImpl.java:189)
	at org.jkiss.dbeaver.model.navigator.DBNProject.readChildNodes(DBNProject.java:175)
	at org.jkiss.dbeaver.model.navigator.DBNResource.getChildren(DBNResource.java:219)
	at org.jkiss.dbeaver.model.navigator.DBNUtils.getNodeChildrenFiltered(DBNUtils.java:91)
	at org.jkiss.dbeaver.ui.navigator.database.load.TreeLoadService.evaluate(TreeLoadService.java:49)
	at org.jkiss.dbeaver.ui.navigator.database.load.TreeLoadService.evaluate(TreeLoadService.java:1)
	at org.jkiss.dbeaver.ui.LoadingJob.run(LoadingJob.java:89)
	at org.jkiss.dbeaver.ui.LoadingJob.run(LoadingJob.java:73)
	at org.jkiss.dbeaver.model.runtime.AbstractJob.run(AbstractJob.java:114)
	at org.eclipse.core.internal.jobs.Worker.run(Worker.java:63)
2024-03-28 07:43:36.423 - Project 'General' is not open.
java.lang.Exception: Project 'General' is not open.
	at org.eclipse.core.internal.resources.ResourceException.provideStackTrace(ResourceException.java:42)
	at org.eclipse.core.internal.resources.ResourceException.<init>(ResourceException.java:38)
	at org.eclipse.core.internal.resources.Project.checkAccessible(Project.java:186)
	at org.eclipse.core.internal.resources.Container.members(Container.java:244)
	at org.eclipse.core.internal.resources.Container.members(Container.java:237)
	at org.jkiss.dbeaver.model.navigator.DBNResource.readChildNodes(DBNResource.java:229)
	at org.jkiss.dbeaver.model.navigator.DBNProject.readChildNodes(DBNProject.java:187)
	at org.jkiss.dbeaver.model.navigator.DBNResource.getChildren(DBNResource.java:219)
	at org.jkiss.dbeaver.model.navigator.DBNUtils.getNodeChildrenFiltered(DBNUtils.java:91)
	at org.jkiss.dbeaver.ui.navigator.database.load.TreeLoadService.evaluate(TreeLoadService.java:49)
	at org.jkiss.dbeaver.ui.navigator.database.load.TreeLoadService.evaluate(TreeLoadService.java:1)
	at org.jkiss.dbeaver.ui.LoadingJob.run(LoadingJob.java:89)
	at org.jkiss.dbeaver.ui.LoadingJob.run(LoadingJob.java:73)
	at org.jkiss.dbeaver.model.runtime.AbstractJob.run(AbstractJob.java:114)
	at org.eclipse.core.internal.jobs.Worker.run(Worker.java:63)
> Start Procurar Suporte [org.eclipse.search 3.16.0.v20230921-2245]
Warning: NLS unused message: TextSearchVisitor_progress_updating_job in: org.eclipse.search.internal.ui.SearchMessages
> Start Núcleo de Suporte a Comparação [org.eclipse.compare.core 3.8.300.v20231106-1240]
2024-03-28 07:52:33.618 - DBeaver is stopping
2024-03-28 07:52:33.619 - Stop instance server
2024-03-28 07:52:34.625 - Instance server has been stopped
2024-03-28 07:52:34.625 - DBeaver shutdown completed
